BEGIN;
BEGIN
EXPLAIN (ANALYZE, BUFFERS)
select
	s_name,
	count(*) as numwait
from
	supplier,
	lineitem l1,
	orders,
	nation
where
	s_suppkey = l1.l_suppkey
	and o_orderkey = l1.l_orderkey
	and o_orderstatus = 'F'
	and l1.l_receiptdate > l1.l_commitdate
	and exists (
		select
			*
		from
			lineitem l2
		where
			l2.l_orderkey = l1.l_orderkey
			and l2.l_suppkey <> l1.l_suppkey
	)
	and not exists (
		select
			*
		from
			lineitem l3
		where
			l3.l_orderkey = l1.l_orderkey
			and l3.l_suppkey <> l1.l_suppkey
			and l3.l_receiptdate > l3.l_commitdate
	)
	and s_nationkey = n_nationkey
	and n_name = 'PERU'
group by
	s_name
order by
	numwait desc,
	s_name
LIMIT 100;
                                                                                                    QUERY PLAN                                                                                                    
------------------------------------------------------------------------------------------------------------------------------------------------------------------------------------------------------------------
 Limit  (cost=5397241.03..5397241.03 rows=1 width=26) (actual time=63807.221..63807.238 rows=100 loops=1)
   Buffers: shared hit=2136330 read=2034235
   ->  Sort  (cost=5397241.03..5397241.03 rows=1 width=26) (actual time=63807.218..63807.223 rows=100 loops=1)
         Sort Key: (count(*)), supplier.s_name
         Sort Method: top-N heapsort  Memory: 32kB
         Buffers: shared hit=2136330 read=2034235
         ->  HashAggregate  (cost=5397241.01..5397241.02 rows=1 width=26) (actual time=63805.219..63806.211 rows=3991 loops=1)
               Group Key: supplier.s_name
               Buffers: shared hit=2136322 read=2034235
               ->  Merge Semi Join  (cost=1593897.65..5397241.00 rows=1 width=26) (actual time=28784.745..63757.699 rows=39320 loops=1)
                     Merge Cond: (orders.o_orderkey = l2.l_orderkey)
                     Join Filter: (l2.l_suppkey <> l1.l_suppkey)
                     Rows Removed by Join Filter: 42065
                     Buffers: shared hit=2136322 read=2034235
                     ->  Merge Anti Join  (cost=1593885.16..2600380.63 rows=390198 width=38) (actual time=28784.650..47086.072 rows=66026 loops=1)
                           Merge Cond: (l1.l_orderkey = l3.l_orderkey)
                           Join Filter: (l3.l_suppkey <> l1.l_suppkey)
                           Rows Removed by Join Filter: 265902
                           Buffers: shared hit=915077 read=1870045
                           ->  Sort  (cost=1593884.59..1594860.09 rows=390198 width=38) (actual time=28784.566..28880.425 rows=731722 loops=1)
                                 Sort Key: l1.l_orderkey
                                 Sort Method: quicksort  Memory: 81742kB
                                 Buffers: shared hit=641511 read=878883
                                 ->  Hash Join  (cost=536329.60..1557647.20 rows=390198 width=38) (actual time=5861.598..28495.119 rows=731722 loops=1)
                                       Hash Cond: (l1.l_orderkey = orders.o_orderkey)
                                       Buffers: shared hit=641508 read=878883
                                       ->  Hash Join  (cost=3645.89..1012054.66 rows=800609 width=34) (actual time=30.962..21919.742 rows=1515797 loops=1)
                                             Hash Cond: (l1.l_suppkey = supplier.s_suppkey)
                                             Buffers: shared hit=387986 read=878883
                                             ->  Index Scan using lineitem_l_orderkey_idx_part1 on lineitem l1  (cost=0.56..925346.12 rows=20015232 width=8) (actual time=0.083..16194.668 rows=37967116 loops=1)
                                                   Buffers: shared hit=385803 read=878883
                                             ->  Hash  (cost=3595.32..3595.32 rows=4000 width=30) (actual time=30.781..30.781 rows=3991 loops=1)
                                                   Buckets: 4096  Batches: 1  Memory Usage: 282kB
                                                   Buffers: shared hit=2180
                                                   ->  Hash Join  (cost=1.32..3595.32 rows=4000 width=30) (actual time=0.034..29.773 rows=3991 loops=1)
                                                         Hash Cond: (supplier.s_nationkey = nation.n_nationkey)
                                                         Buffers: shared hit=2180
                                                         ->  Seq Scan on supplier  (cost=0.00..3179.00 rows=100000 width=34) (actual time=0.005..16.160 rows=100000 loops=1)
                                                               Buffers: shared hit=2179
                                                         ->  Hash  (cost=1.31..1.31 rows=1 width=4) (actual time=0.018..0.018 rows=1 loops=1)
                                                               Buckets: 1024  Batches: 1  Memory Usage: 9kB
                                                               Buffers: shared hit=1
                                                               ->  Seq Scan on nation  (cost=0.00..1.31 rows=1 width=4) (actual time=0.009..0.011 rows=1 loops=1)
                                                                     Filter: (n_name = 'PERU'::bpchar)
                                                                     Rows Removed by Filter: 24
                                                                     Buffers: shared hit=1
                                       ->  Hash  (cost=441209.30..441209.30 rows=7317953 width=4) (actual time=5807.471..5807.471 rows=7316588 loops=1)
                                             Buckets: 8388608  Batches: 1  Memory Usage: 322760kB
                                             Buffers: shared hit=253522
                                             ->  Seq Scan on orders  (cost=0.00..441209.30 rows=7317953 width=4) (actual time=0.016..4043.087 rows=7316588 loops=1)
                                                   Filter: (o_orderstatus = 'F'::bpchar)
                                                   Rows Removed by Filter: 7698412
                                                   Buffers: shared hit=253522
                           ->  Index Scan using lineitem_l_orderkey_idx_part1 on lineitem l3  (cost=0.56..925346.12 rows=20015232 width=8) (actual time=0.032..14440.386 rows=37984919 loops=1)
                                 Buffers: shared hit=273566 read=991162
                     ->  Index Scan using lineitem_l_orderkey_idx on lineitem l2  (cost=0.56..2626280.02 rows=60045697 width=8) (actual time=0.072..11421.969 rows=60042629 loops=1)
                           Buffers: shared hit=1221245 read=164190
 Planning time: 29.363 ms
 Execution time: 63813.638 ms
(59 rows)

COMMIT;
COMMIT
