BEGIN;
BEGIN
EXPLAIN (ANALYZE, BUFFERS)
select
	c_custkey,
	c_name,
	sum(l_extendedprice * (1 - l_discount)) as revenue,
	c_acctbal,
	n_name,
	c_address,
	c_phone,
	c_comment
from
	customer,
	orders,
	lineitem,
	nation
where
	c_custkey = o_custkey
	and l_orderkey = o_orderkey
	and o_orderdate >= date '1994-06-01'
	and o_orderdate < cast(date '1994-06-01' + interval '3 month' as date)
	and l_returnflag = 'R'
	and c_nationkey = n_nationkey
group by
	c_custkey,
	c_name,
	c_acctbal,
	c_phone,
	n_name,
	c_address,
	c_comment
order by
	revenue desc
LIMIT 20;
                                                                                                QUERY PLAN                                                                                                
----------------------------------------------------------------------------------------------------------------------------------------------------------------------------------------------------------
 Limit  (cost=1153350.75..1153350.80 rows=20 width=175) (actual time=20332.569..20332.574 rows=20 loops=1)
   Buffers: shared hit=875716 read=543138 dirtied=228 written=46
   ->  Sort  (cost=1153350.75..1154772.63 rows=568751 width=175) (actual time=20332.565..20332.568 rows=20 loops=1)
         Sort Key: (sum((lineitem.l_extendedprice * (1::double precision - lineitem.l_discount))))
         Sort Method: top-N heapsort  Memory: 30kB
         Buffers: shared hit=875716 read=543138 dirtied=228 written=46
         ->  HashAggregate  (cost=1132528.98..1138216.49 rows=568751 width=175) (actual time=19988.615..20194.967 rows=382122 loops=1)
               Group Key: customer.c_custkey, customer.c_name, customer.c_acctbal, customer.c_phone, nation.n_name, customer.c_address, customer.c_comment
               Buffers: shared hit=875713 read=543138 dirtied=228 written=46
               ->  Hash Join  (cost=351263.18..1118310.21 rows=568751 width=175) (actual time=4620.776..18233.171 rows=1149826 loops=1)
                     Hash Cond: (customer.c_nationkey = nation.n_nationkey)
                     Buffers: shared hit=875713 read=543138 dirtied=228 written=46
                     ->  Hash Join  (cost=351261.62..1110488.32 rows=568751 width=153) (actual time=4620.740..17854.763 rows=1149826 loops=1)
                           Hash Cond: (orders.o_custkey = customer.c_custkey)
                           Buffers: shared hit=875712 read=543138 dirtied=228 written=46
                           ->  Hash Join  (cost=282233.62..1032929.05 rows=568751 width=12) (actual time=2933.020..15472.125 rows=1149826 loops=1)
                                 Hash Cond: (lineitem.l_orderkey = orders.o_orderkey)
                                 Buffers: shared hit=875710 read=507862 dirtied=228 written=46
                                 ->  Index Scan using lineitem_l_orderkey_idx_l_returnflag on lineitem  (cost=0.43..689068.79 rows=14917220 width=12) (actual time=0.059..9309.700 rows=14823114 loops=1)
                                       Buffers: shared hit=875709 read=277308 written=29
                                 ->  Hash  (cost=275055.78..275055.78 rows=574192 width=8) (actual time=2929.256..2929.256 rows=574824 loops=1)
                                       Buckets: 1048576  Batches: 1  Memory Usage: 30647kB
                                       Buffers: shared hit=1 read=230554 dirtied=228 written=17
                                       ->  Bitmap Heap Scan on orders  (cost=12161.90..275055.78 rows=574192 width=8) (actual time=264.093..2738.653 rows=574824 loops=1)
                                             Recheck Cond: ((o_orderdate >= '1994-06-01'::date) AND (o_orderdate < '1994-09-01'::date))
                                             Heap Blocks: exact=228983
                                             Buffers: shared hit=1 read=230554 dirtied=228 written=17
                                             ->  Bitmap Index Scan on orders_o_orderdate_o_orderkey_idx  (cost=0.00..12018.35 rows=574192 width=0) (actual time=187.810..187.810 rows=576601 loops=1)
                                                   Index Cond: ((o_orderdate >= '1994-06-01'::date) AND (o_orderdate < '1994-09-01'::date))
                                                   Buffers: shared read=1572
                           ->  Hash  (cost=50278.00..50278.00 rows=1500000 width=145) (actual time=1678.656..1678.656 rows=1500000 loops=1)
                                 Buckets: 2097152  Batches: 1  Memory Usage: 281501kB
                                 Buffers: shared hit=2 read=35276
                                 ->  Seq Scan on customer  (cost=0.00..50278.00 rows=1500000 width=145) (actual time=0.013..791.497 rows=1500000 loops=1)
                                       Buffers: shared hit=2 read=35276
                     ->  Hash  (cost=1.25..1.25 rows=25 width=30) (actual time=0.020..0.020 rows=25 loops=1)
                           Buckets: 1024  Batches: 1  Memory Usage: 10kB
                           Buffers: shared hit=1
                           ->  Seq Scan on nation  (cost=0.00..1.25 rows=25 width=30) (actual time=0.006..0.009 rows=25 loops=1)
                                 Buffers: shared hit=1
 Planning time: 5.016 ms
 Execution time: 20344.860 ms
(42 rows)

COMMIT;
COMMIT
