BEGIN;
BEGIN
EXPLAIN (ANALYZE, BUFFERS)
select
	o_year,
	sum(case
		when nation = 'FRANCE' then volume
		else 0
	end) / sum(volume) as mkt_share
from
	(
		select
			extract(year from o_orderdate) as o_year,
			l_extendedprice * (1 - l_discount) as volume,
			n2.n_name as nation
		from
			part,
			supplier,
			lineitem,
			orders,
			customer,
			nation n1,
			nation n2,
			region
		where
			p_partkey = l_partkey
			and s_suppkey = l_suppkey
			and l_orderkey = o_orderkey
			and o_custkey = c_custkey
			and c_nationkey = n1.n_nationkey
			and n1.n_regionkey = r_regionkey
			and r_name = 'EUROPE'
			and s_nationkey = n2.n_nationkey
			and o_orderdate between date '1995-01-01' and date '1996-12-31'
			and p_type = 'SMALL PLATED TIN'
	) as all_nations
group by
	o_year
order by
	o_year;
                                                                                                QUERY PLAN                                                                                                
----------------------------------------------------------------------------------------------------------------------------------------------------------------------------------------------------------
 Sort  (cost=2484798.91..2484800.74 rows=730 width=38) (actual time=30094.521..30094.521 rows=2 loops=1)
   Sort Key: (date_part('year'::text, (orders.o_orderdate)::timestamp without time zone))
   Sort Method: quicksort  Memory: 25kB
   Buffers: shared hit=998630 read=401998 dirtied=509 written=439
   ->  HashAggregate  (cost=2484751.42..2484764.20 rows=730 width=38) (actual time=30094.457..30094.458 rows=2 loops=1)
         Group Key: date_part('year'::text, (orders.o_orderdate)::timestamp without time zone)
         Buffers: shared hit=998627 read=401998 dirtied=509 written=439
         ->  Hash Join  (cost=559351.54..2484277.86 rows=23678 width=38) (actual time=9175.159..30054.382 rows=24364 loops=1)
               Hash Cond: (supplier.s_nationkey = n2.n_nationkey)
               Buffers: shared hit=998627 read=401998 dirtied=509 written=439
               ->  Hash Join  (cost=559349.98..2483832.34 rows=23678 width=16) (actual time=9175.088..30016.656 rows=24364 loops=1)
                     Hash Cond: (lineitem.l_suppkey = supplier.s_suppkey)
                     Buffers: shared hit=998623 read=401998 dirtied=509 written=439
                     ->  Hash Join  (cost=554920.98..2479077.76 rows=23678 width=16) (actual time=9133.256..29950.414 rows=24364 loops=1)
                           Hash Cond: (lineitem.l_orderkey = orders.o_orderkey)
                           Buffers: shared hit=996444 read=401998 dirtied=509 written=439
                           ->  Hash Join  (cost=27646.85..1950102.53 rows=390486 width=16) (actual time=204.229..20847.143 rows=400652 loops=1)
                                 Hash Cond: (lineitem.l_partkey = part.p_partkey)
                                 Buffers: shared hit=996440 read=96441 written=28
                                 ->  Seq Scan on lineitem  (cost=0.00..1690232.05 rows=60885005 width=20) (actual time=0.007..11047.331 rows=60044793 loops=1)
                                       Buffers: shared hit=996050 read=85332
                                 ->  Hash  (cost=27486.51..27486.51 rows=12827 width=4) (actual time=204.065..204.065 rows=13365 loops=1)
                                       Buckets: 16384  Batches: 1  Memory Usage: 598kB
                                       Buffers: shared hit=390 read=11109 written=28
                                       ->  Bitmap Heap Scan on part  (cost=395.84..27486.51 rows=12827 width=4) (actual time=6.152..198.939 rows=13365 loops=1)
                                             Recheck Cond: ((p_type)::text = 'SMALL PLATED TIN'::text)
                                             Heap Blocks: exact=11430
                                             Buffers: shared hit=390 read=11109 written=28
                                             ->  Bitmap Index Scan on part_p_type_p_partkey_idx  (cost=0.00..392.63 rows=12827 width=0) (actual time=3.961..3.961 rows=13365 loops=1)
                                                   Index Cond: ((p_type)::text = 'SMALL PLATED TIN'::text)
                                                   Buffers: shared read=69
                           ->  Hash  (cost=515734.12..515734.12 rows=923201 width=8) (actual time=8924.062..8924.062 rows=913899 loops=1)
                                 Buckets: 1048576  Batches: 1  Memory Usage: 43892kB
                                 Buffers: shared hit=4 read=305557 dirtied=509 written=411
                                 ->  Hash Join  (cost=162886.02..515734.12 rows=923201 width=8) (actual time=2569.361..8622.163 rows=913899 loops=1)
                                       Hash Cond: (orders.o_custkey = customer.c_custkey)
                                       Buffers: shared hit=4 read=305557 dirtied=509 written=411
                                       ->  Bitmap Heap Scan on orders  (cost=100230.49..426536.56 rows=4616005 width=12) (actual time=1558.896..5992.642 rows=4561762 loops=1)
                                             Recheck Cond: ((o_orderdate >= '1995-01-01'::date) AND (o_orderdate <= '1996-12-31'::date))
                                             Heap Blocks: exact=257066
                                             Buffers: shared hit=1 read=270280 dirtied=509 written=380
                                             ->  Bitmap Index Scan on orders_o_orderdate_o_orderkey_idx  (cost=0.00..99076.49 rows=4616005 width=0) (actual time=1471.452..1471.452 rows=4625776 loops=1)
                                                   Index Cond: ((o_orderdate >= '1995-01-01'::date) AND (o_orderdate <= '1996-12-31'::date))
                                                   Buffers: shared read=13215 written=10
                                       ->  Hash  (cost=58905.53..58905.53 rows=300000 width=4) (actual time=1007.814..1007.814 rows=300963 loops=1)
                                             Buckets: 524288  Batches: 1  Memory Usage: 14677kB
                                             Buffers: shared hit=3 read=35277 written=31
                                             ->  Hash Join  (cost=2.53..58905.53 rows=300000 width=4) (actual time=0.074..919.181 rows=300963 loops=1)
                                                   Hash Cond: (customer.c_nationkey = n1.n_nationkey)
                                                   Buffers: shared hit=3 read=35277 written=31
                                                   ->  Seq Scan on customer  (cost=0.00..50278.00 rows=1500000 width=8) (actual time=0.008..657.606 rows=1500000 loops=1)
                                                         Buffers: shared hit=1 read=35277 written=31
                                                   ->  Hash  (cost=2.47..2.47 rows=5 width=4) (actual time=0.050..0.050 rows=5 loops=1)
                                                         Buckets: 1024  Batches: 1  Memory Usage: 9kB
                                                         Buffers: shared hit=2
                                                         ->  Hash Join  (cost=1.07..2.47 rows=5 width=4) (actual time=0.037..0.043 rows=5 loops=1)
                                                               Hash Cond: (n1.n_regionkey = region.r_regionkey)
                                                               Buffers: shared hit=2
                                                               ->  Seq Scan on nation n1  (cost=0.00..1.25 rows=25 width=8) (actual time=0.004..0.005 rows=25 loops=1)
                                                                     Buffers: shared hit=1
                                                               ->  Hash  (cost=1.06..1.06 rows=1 width=4) (actual time=0.022..0.022 rows=1 loops=1)
                                                                     Buckets: 1024  Batches: 1  Memory Usage: 9kB
                                                                     Buffers: shared hit=1
                                                                     ->  Seq Scan on region  (cost=0.00..1.06 rows=1 width=4) (actual time=0.016..0.017 rows=1 loops=1)
                                                                           Filter: (r_name = 'EUROPE'::bpchar)
                                                                           Rows Removed by Filter: 4
                                                                           Buffers: shared hit=1
                     ->  Hash  (cost=3179.00..3179.00 rows=100000 width=8) (actual time=41.253..41.253 rows=100000 loops=1)
                           Buckets: 131072  Batches: 1  Memory Usage: 4931kB
                           Buffers: shared hit=2179
                           ->  Seq Scan on supplier  (cost=0.00..3179.00 rows=100000 width=8) (actual time=0.007..18.921 rows=100000 loops=1)
                                 Buffers: shared hit=2179
               ->  Hash  (cost=1.25..1.25 rows=25 width=30) (actual time=0.018..0.018 rows=25 loops=1)
                     Buckets: 1024  Batches: 1  Memory Usage: 10kB
                     Buffers: shared hit=1
                     ->  Seq Scan on nation n2  (cost=0.00..1.25 rows=25 width=30) (actual time=0.002..0.007 rows=25 loops=1)
                           Buffers: shared hit=1
 Planning time: 7.322 ms
 Execution time: 30097.184 ms
(79 rows)

COMMIT;
COMMIT
