BEGIN;
BEGIN
EXPLAIN (ANALYZE, BUFFERS)
select
	c_custkey,
	c_name,
	sum(l_extendedprice * (1 - l_discount)) as revenue,
	c_acctbal,
	n_name,
	c_address,
	c_phone,
	c_comment
from
	customer,
	orders,
	lineitem,
	nation
where
	c_custkey = o_custkey
	and l_orderkey = o_orderkey
	and o_orderdate >= date '1994-04-01'
	and o_orderdate < cast(date '1994-04-01' + interval '3 month' as date)
	and l_returnflag = 'R'
	and c_nationkey = n_nationkey
group by
	c_custkey,
	c_name,
	c_acctbal,
	c_phone,
	n_name,
	c_address,
	c_comment
order by
	revenue desc
LIMIT 20;
                                                                                                QUERY PLAN                                                                                                
----------------------------------------------------------------------------------------------------------------------------------------------------------------------------------------------------------
 Limit  (cost=1159386.40..1159386.45 rows=20 width=175) (actual time=18878.726..18878.733 rows=20 loops=1)
   Buffers: shared hit=1023150 read=415103 written=406
   ->  Sort  (cost=1159386.40..1160804.32 rows=567167 width=175) (actual time=18878.721..18878.724 rows=20 loops=1)
         Sort Key: (sum((lineitem.l_extendedprice * (1::double precision - lineitem.l_discount))))
         Sort Method: top-N heapsort  Memory: 30kB
         Buffers: shared hit=1023150 read=415103 written=406
         ->  HashAggregate  (cost=1138622.62..1144294.29 rows=567167 width=175) (actual time=18543.500..18744.060 rows=379054 loops=1)
               Group Key: customer.c_custkey, customer.c_name, customer.c_acctbal, customer.c_phone, nation.n_name, customer.c_address, customer.c_comment
               Buffers: shared hit=1023147 read=415103 written=406
               ->  Hash Join  (cost=353011.12..1124443.44 rows=567167 width=175) (actual time=4609.611..16813.903 rows=1138119 loops=1)
                     Hash Cond: (customer.c_nationkey = nation.n_nationkey)
                     Buffers: shared hit=1023147 read=415103 written=406
                     ->  Hash Join  (cost=353009.56..1116643.33 rows=567167 width=153) (actual time=4609.579..16440.123 rows=1138119 loops=1)
                           Hash Cond: (orders.o_custkey = customer.c_custkey)
                           Buffers: shared hit=1023146 read=415103 written=406
                           ->  Hash Join  (cost=283981.56..1039107.83 rows=567167 width=12) (actual time=3062.825..14201.983 rows=1138119 loops=1)
                                 Hash Cond: (lineitem.l_orderkey = orders.o_orderkey)
                                 Buffers: shared hit=1023144 read=379827 written=373
                                 ->  Index Scan using lineitem_l_orderkey_idx_l_returnflag on lineitem  (cost=0.43..693181.81 rows=15006193 width=12) (actual time=0.052..7938.262 rows=14822772 loops=1)
                                       Buffers: shared hit=1023141 read=148443 written=165
                                 ->  Hash  (cost=276823.61..276823.61 rows=572601 width=8) (actual time=3058.990..3058.990 rows=568640 loops=1)
                                       Buckets: 1048576  Batches: 1  Memory Usage: 30405kB
                                       Buffers: shared hit=3 read=231384 written=208
                                       ->  Bitmap Heap Scan on orders  (cost=12433.60..276823.61 rows=572601 width=8) (actual time=266.034..2864.284 rows=568640 loops=1)
                                             Recheck Cond: ((o_orderdate >= '1994-04-01'::date) AND (o_orderdate < '1994-07-01'::date))
                                             Heap Blocks: exact=229747
                                             Buffers: shared hit=3 read=231384 written=208
                                             ->  Bitmap Index Scan on orders_o_orderdate_o_orderkey_idx  (cost=0.00..12290.44 rows=572601 width=0) (actual time=189.615..189.615 rows=573820 loops=1)
                                                   Index Cond: ((o_orderdate >= '1994-04-01'::date) AND (o_orderdate < '1994-07-01'::date))
                                                   Buffers: shared read=1640 written=1
                           ->  Hash  (cost=50278.00..50278.00 rows=1500000 width=145) (actual time=1539.420..1539.420 rows=1500000 loops=1)
                                 Buckets: 2097152  Batches: 1  Memory Usage: 281501kB
                                 Buffers: shared hit=2 read=35276 written=33
                                 ->  Seq Scan on customer  (cost=0.00..50278.00 rows=1500000 width=145) (actual time=0.010..726.230 rows=1500000 loops=1)
                                       Buffers: shared hit=2 read=35276 written=33
                     ->  Hash  (cost=1.25..1.25 rows=25 width=30) (actual time=0.021..0.021 rows=25 loops=1)
                           Buckets: 1024  Batches: 1  Memory Usage: 10kB
                           Buffers: shared hit=1
                           ->  Seq Scan on nation  (cost=0.00..1.25 rows=25 width=30) (actual time=0.007..0.011 rows=25 loops=1)
                                 Buffers: shared hit=1
 Planning time: 4.211 ms
 Execution time: 18889.804 ms
(42 rows)

COMMIT;
COMMIT
