BEGIN;
BEGIN
EXPLAIN (ANALYZE, BUFFERS)
select
	o_year,
	sum(case
		when nation = 'SAUDI ARABIA' then volume
		else 0
	end) / sum(volume) as mkt_share
from
	(
		select
			extract(year from o_orderdate) as o_year,
			l_extendedprice * (1 - l_discount) as volume,
			n2.n_name as nation
		from
			part,
			supplier,
			lineitem,
			orders,
			customer,
			nation n1,
			nation n2,
			region
		where
			p_partkey = l_partkey
			and s_suppkey = l_suppkey
			and l_orderkey = o_orderkey
			and o_custkey = c_custkey
			and c_nationkey = n1.n_nationkey
			and n1.n_regionkey = r_regionkey
			and r_name = 'MIDDLE EAST'
			and s_nationkey = n2.n_nationkey
			and o_orderdate between date '1995-01-01' and date '1996-12-31'
			and p_type = 'ECONOMY PLATED COPPER'
	) as all_nations
group by
	o_year
order by
	o_year;
                                                                                                QUERY PLAN                                                                                                
----------------------------------------------------------------------------------------------------------------------------------------------------------------------------------------------------------
 Sort  (cost=2450099.61..2450101.43 rows=730 width=38) (actual time=26099.332..26099.333 rows=2 loops=1)
   Sort Key: (date_part('year'::text, (orders.o_orderdate)::timestamp without time zone))
   Sort Method: quicksort  Memory: 25kB
   Buffers: shared hit=1326930 read=54452 written=1
   ->  HashAggregate  (cost=2450052.11..2450064.89 rows=730 width=38) (actual time=26099.268..26099.268 rows=2 loops=1)
         Group Key: date_part('year'::text, (orders.o_orderdate)::timestamp without time zone)
         Buffers: shared hit=1326927 read=54452 written=1
         ->  Hash Join  (cost=551032.98..2449573.93 rows=23909 width=38) (actual time=6818.052..26065.702 rows=24101 loops=1)
               Hash Cond: (supplier.s_nationkey = n2.n_nationkey)
               Buffers: shared hit=1326927 read=54452 written=1
               ->  Hash Join  (cost=551031.42..2449124.08 rows=23909 width=16) (actual time=6817.981..26035.509 rows=24101 loops=1)
                     Hash Cond: (lineitem.l_suppkey = supplier.s_suppkey)
                     Buffers: shared hit=1326923 read=54452 written=1
                     ->  Hash Join  (cost=546602.42..2444366.33 rows=23909 width=16) (actual time=6760.870..25956.110 rows=24101 loops=1)
                           Hash Cond: (lineitem.l_orderkey = orders.o_orderkey)
                           Buffers: shared hit=1324744 read=54452 written=1
                           ->  Hash Join  (cost=28036.11..1924082.35 rows=394290 width=16) (actual time=193.377..19228.575 rows=397410 loops=1)
                                 Hash Cond: (lineitem.l_partkey = part.p_partkey)
                                 Buffers: shared hit=1028942 read=48997 written=1
                                 ->  Seq Scan on lineitem  (cost=0.00..1666931.97 rows=60045697 width=20) (actual time=0.349..9992.998 rows=59985329 loops=1)
                                       Buffers: shared hit=1028307 read=38168 written=1
                                 ->  Hash  (cost=27871.95..27871.95 rows=13133 width=4) (actual time=192.898..192.898 rows=13246 loops=1)
                                       Buckets: 16384  Batches: 1  Memory Usage: 594kB
                                       Buffers: shared hit=635 read=10829
                                       ->  Bitmap Heap Scan on part  (cost=406.21..27871.95 rows=13133 width=4) (actual time=7.092..187.492 rows=13246 loops=1)
                                             Recheck Cond: ((p_type)::text = 'ECONOMY PLATED COPPER'::text)
                                             Heap Blocks: exact=11381
                                             Buffers: shared hit=635 read=10829
                                             ->  Bitmap Index Scan on part_p_type_p_partkey_idx  (cost=0.00..402.93 rows=13133 width=0) (actual time=4.669..4.669 rows=13246 loops=1)
                                                   Index Cond: ((p_type)::text = 'ECONOMY PLATED COPPER'::text)
                                                   Buffers: shared read=83
                           ->  Hash  (cost=507185.38..507185.38 rows=910474 width=8) (actual time=6563.033..6563.033 rows=910630 loops=1)
                                 Buckets: 1048576  Batches: 1  Memory Usage: 43764kB
                                 Buffers: shared hit=295802 read=5455
                                 ->  Hash Join  (cost=159201.74..507185.38 rows=910474 width=8) (actual time=2945.529..6307.293 rows=910630 loops=1)
                                       Hash Cond: (orders.o_custkey = customer.c_custkey)
                                       Buffers: shared hit=295802 read=5455
                                       ->  Bitmap Heap Scan on orders  (cost=96546.21..418353.73 rows=4552368 width=12) (actual time=2238.016..4146.460 rows=4557440 loops=1)
                                             Recheck Cond: ((o_orderdate >= '1995-01-01'::date) AND (o_orderdate <= '1996-12-31'::date))
                                             Heap Blocks: exact=253522
                                             Buffers: shared hit=260522 read=5455
                                             ->  Bitmap Index Scan on orders_o_orderdate_o_orderkey_idx  (cost=0.00..95408.11 rows=4552368 width=0) (actual time=2145.981..2145.981 rows=4561961 loops=1)
                                                   Index Cond: ((o_orderdate >= '1995-01-01'::date) AND (o_orderdate <= '1996-12-31'::date))
                                                   Buffers: shared hit=7000 read=5455
                                       ->  Hash  (cost=58905.53..58905.53 rows=300000 width=4) (actual time=704.935..704.935 rows=299838 loops=1)
                                             Buckets: 524288  Batches: 1  Memory Usage: 14638kB
                                             Buffers: shared hit=35280
                                             ->  Hash Join  (cost=2.53..58905.53 rows=300000 width=4) (actual time=0.084..617.526 rows=299838 loops=1)
                                                   Hash Cond: (customer.c_nationkey = n1.n_nationkey)
                                                   Buffers: shared hit=35280
                                                   ->  Seq Scan on customer  (cost=0.00..50278.00 rows=1500000 width=8) (actual time=0.009..322.811 rows=1500000 loops=1)
                                                         Buffers: shared hit=35278
                                                   ->  Hash  (cost=2.47..2.47 rows=5 width=4) (actual time=0.059..0.059 rows=5 loops=1)
                                                         Buckets: 1024  Batches: 1  Memory Usage: 9kB
                                                         Buffers: shared hit=2
                                                         ->  Hash Join  (cost=1.07..2.47 rows=5 width=4) (actual time=0.049..0.055 rows=5 loops=1)
                                                               Hash Cond: (n1.n_regionkey = region.r_regionkey)
                                                               Buffers: shared hit=2
                                                               ->  Seq Scan on nation n1  (cost=0.00..1.25 rows=25 width=8) (actual time=0.004..0.007 rows=25 loops=1)
                                                                     Buffers: shared hit=1
                                                               ->  Hash  (cost=1.06..1.06 rows=1 width=4) (actual time=0.027..0.027 rows=1 loops=1)
                                                                     Buckets: 1024  Batches: 1  Memory Usage: 9kB
                                                                     Buffers: shared hit=1
                                                                     ->  Seq Scan on region  (cost=0.00..1.06 rows=1 width=4) (actual time=0.016..0.017 rows=1 loops=1)
                                                                           Filter: (r_name = 'MIDDLE EAST'::bpchar)
                                                                           Rows Removed by Filter: 4
                                                                           Buffers: shared hit=1
                     ->  Hash  (cost=3179.00..3179.00 rows=100000 width=8) (actual time=56.444..56.444 rows=100000 loops=1)
                           Buckets: 131072  Batches: 1  Memory Usage: 4931kB
                           Buffers: shared hit=2179
                           ->  Seq Scan on supplier  (cost=0.00..3179.00 rows=100000 width=8) (actual time=0.007..31.141 rows=100000 loops=1)
                                 Buffers: shared hit=2179
               ->  Hash  (cost=1.25..1.25 rows=25 width=30) (actual time=0.021..0.021 rows=25 loops=1)
                     Buckets: 1024  Batches: 1  Memory Usage: 10kB
                     Buffers: shared hit=1
                     ->  Seq Scan on nation n2  (cost=0.00..1.25 rows=25 width=30) (actual time=0.005..0.010 rows=25 loops=1)
                           Buffers: shared hit=1
 Planning time: 5.619 ms
 Execution time: 26101.936 ms
(79 rows)

COMMIT;
COMMIT
