BEGIN;
BEGIN
EXPLAIN (ANALYZE, BUFFERS)
select
	c_custkey,
	c_name,
	sum(l_extendedprice * (1 - l_discount)) as revenue,
	c_acctbal,
	n_name,
	c_address,
	c_phone,
	c_comment
from
	customer,
	orders,
	lineitem,
	nation
where
	c_custkey = o_custkey
	and l_orderkey = o_orderkey
	and o_orderdate >= date '1993-04-01'
	and o_orderdate < cast(date '1993-04-01' + interval '3 month' as date)
	and l_returnflag = 'R'
	and c_nationkey = n_nationkey
group by
	c_custkey,
	c_name,
	c_acctbal,
	c_phone,
	n_name,
	c_address,
	c_comment
order by
	revenue desc
LIMIT 20;
                                                                                                QUERY PLAN                                                                                                
----------------------------------------------------------------------------------------------------------------------------------------------------------------------------------------------------------
 Limit  (cost=1160559.00..1160559.05 rows=20 width=175) (actual time=20610.829..20610.838 rows=20 loops=1)
   Buffers: shared hit=1002097 read=443668 dirtied=231 written=559
   ->  Sort  (cost=1160559.00..1161996.43 rows=574971 width=175) (actual time=20610.824..20610.830 rows=20 loops=1)
         Sort Key: (sum((lineitem.l_extendedprice * (1::double precision - lineitem.l_discount))))
         Sort Method: top-N heapsort  Memory: 30kB
         Buffers: shared hit=1002097 read=443668 dirtied=231 written=559
         ->  HashAggregate  (cost=1139509.52..1145259.23 rows=574971 width=175) (actual time=20061.274..20456.223 rows=378818 loops=1)
               Group Key: customer.c_custkey, customer.c_name, customer.c_acctbal, customer.c_phone, nation.n_name, customer.c_address, customer.c_comment
               Buffers: shared hit=1002094 read=443668 dirtied=231 written=559
               ->  Hash Join  (cost=353400.51..1125135.24 rows=574971 width=175) (actual time=4917.978..18276.776 rows=1136600 loops=1)
                     Hash Cond: (customer.c_nationkey = nation.n_nationkey)
                     Buffers: shared hit=1002094 read=443668 dirtied=231 written=559
                     ->  Hash Join  (cost=353398.95..1117227.83 rows=574971 width=153) (actual time=4917.946..17902.616 rows=1136600 loops=1)
                           Hash Cond: (orders.o_custkey = customer.c_custkey)
                           Buffers: shared hit=1002093 read=443668 dirtied=231 written=559
                           ->  Hash Join  (cost=284370.95..1039575.26 rows=574971 width=12) (actual time=3319.417..15532.246 rows=1136600 loops=1)
                                 Hash Cond: (lineitem.l_orderkey = orders.o_orderkey)
                                 Buffers: shared hit=1002091 read=408392 dirtied=231 written=480
                                 ->  Index Scan using lineitem_l_orderkey_idx_l_returnflag on lineitem  (cost=0.43..693181.81 rows=15006193 width=12) (actual time=0.056..8690.948 rows=14822772 loops=1)
                                       Buffers: shared hit=1002090 read=177220 dirtied=231 written=138
                                 ->  Hash  (cost=277114.53..277114.53 rows=580479 width=8) (actual time=3315.535..3315.535 rows=568287 loops=1)
                                       Buckets: 1048576  Batches: 1  Memory Usage: 30391kB
                                       Buffers: shared hit=1 read=231172 written=342
                                       ->  Bitmap Heap Scan on orders  (cost=12606.34..277114.53 rows=580479 width=8) (actual time=260.973..3126.764 rows=568287 loops=1)
                                             Recheck Cond: ((o_orderdate >= '1993-04-01'::date) AND (o_orderdate < '1993-07-01'::date))
                                             Heap Blocks: exact=229535
                                             Buffers: shared hit=1 read=231172 written=342
                                             ->  Bitmap Index Scan on orders_o_orderdate_o_orderkey_idx  (cost=0.00..12461.23 rows=580479 width=0) (actual time=185.282..185.282 rows=573429 loops=1)
                                                   Index Cond: ((o_orderdate >= '1993-04-01'::date) AND (o_orderdate < '1993-07-01'::date))
                                                   Buffers: shared read=1638 written=2
                           ->  Hash  (cost=50278.00..50278.00 rows=1500000 width=145) (actual time=1591.543..1591.543 rows=1500000 loops=1)
                                 Buckets: 2097152  Batches: 1  Memory Usage: 281501kB
                                 Buffers: shared hit=2 read=35276 written=79
                                 ->  Seq Scan on customer  (cost=0.00..50278.00 rows=1500000 width=145) (actual time=0.012..790.443 rows=1500000 loops=1)
                                       Buffers: shared hit=2 read=35276 written=79
                     ->  Hash  (cost=1.25..1.25 rows=25 width=30) (actual time=0.020..0.020 rows=25 loops=1)
                           Buckets: 1024  Batches: 1  Memory Usage: 10kB
                           Buffers: shared hit=1
                           ->  Seq Scan on nation  (cost=0.00..1.25 rows=25 width=30) (actual time=0.006..0.008 rows=25 loops=1)
                                 Buffers: shared hit=1
 Planning time: 3.666 ms
 Execution time: 20625.445 ms
(42 rows)

COMMIT;
COMMIT
