BEGIN;
BEGIN
EXPLAIN (ANALYZE, BUFFERS)
select
	s_name,
	count(*) as numwait
from
	supplier,
	lineitem l1,
	orders,
	nation
where
	s_suppkey = l1.l_suppkey
	and o_orderkey = l1.l_orderkey
	and o_orderstatus = 'F'
	and l1.l_receiptdate > l1.l_commitdate
	and exists (
		select
			*
		from
			lineitem l2
		where
			l2.l_orderkey = l1.l_orderkey
			and l2.l_suppkey <> l1.l_suppkey
	)
	and not exists (
		select
			*
		from
			lineitem l3
		where
			l3.l_orderkey = l1.l_orderkey
			and l3.l_suppkey <> l1.l_suppkey
			and l3.l_receiptdate > l3.l_commitdate
	)
	and s_nationkey = n_nationkey
	and n_name = 'ARGENTINA'
group by
	s_name
order by
	numwait desc,
	s_name
LIMIT 100;
                                                                                                    QUERY PLAN                                                                                                    
------------------------------------------------------------------------------------------------------------------------------------------------------------------------------------------------------------------
 Limit  (cost=5411459.06..5411459.06 rows=1 width=26) (actual time=69635.813..69635.831 rows=100 loops=1)
   Buffers: shared hit=3185540 read=1026296 dirtied=502 written=16281
   ->  Sort  (cost=5411459.06..5411459.06 rows=1 width=26) (actual time=69635.810..69635.817 rows=100 loops=1)
         Sort Key: (count(*)), supplier.s_name
         Sort Method: top-N heapsort  Memory: 32kB
         Buffers: shared hit=3185540 read=1026296 dirtied=502 written=16281
         ->  HashAggregate  (cost=5411459.04..5411459.05 rows=1 width=26) (actual time=69633.657..69634.723 rows=4007 loops=1)
               Group Key: supplier.s_name
               Buffers: shared hit=3185532 read=1026296 dirtied=502 written=16281
               ->  Merge Semi Join  (cost=1597531.16..5411459.03 rows=1 width=26) (actual time=30674.738..69579.482 rows=39873 loops=1)
                     Merge Cond: (orders.o_orderkey = l2.l_orderkey)
                     Join Filter: (l2.l_suppkey <> l1.l_suppkey)
                     Rows Removed by Join Filter: 42190
                     Buffers: shared hit=3185532 read=1026296 dirtied=502 written=16281
                     ->  Merge Anti Join  (cost=1597518.66..2606524.70 rows=391144 width=38) (actual time=30674.474..50383.563 rows=66397 loops=1)
                           Merge Cond: (l1.l_orderkey = l3.l_orderkey)
                           Join Filter: (l3.l_suppkey <> l1.l_suppkey)
                           Rows Removed by Join Filter: 267833
                           Buffers: shared hit=1950335 read=861211 dirtied=502 written=13708
                           ->  Sort  (cost=1597518.09..1598495.95 rows=391144 width=38) (actual time=30674.163..30788.032 rows=734246 loops=1)
                                 Sort Key: l1.l_orderkey
                                 Sort Method: quicksort  Memory: 81939kB
                                 Buffers: shared hit=979224 read=554632 dirtied=502 written=7193
                                 ->  Hash Join  (cost=537392.77..1561186.02 rows=391144 width=38) (actual time=6993.088..30381.071 rows=734246 loops=1)
                                       Hash Cond: (l1.l_orderkey = orders.o_orderkey)
                                       Buffers: shared hit=979221 read=554632 dirtied=502 written=7193
                                       ->  Hash Join  (cost=3645.89..1014499.01 rows=802550 width=34) (actual time=37.664..22605.972 rows=1520429 loops=1)
                                             Hash Cond: (l1.l_suppkey = supplier.s_suppkey)
                                             Buffers: shared hit=877057 read=402768 dirtied=501 written=233
                                             ->  Index Scan using lineitem_l_orderkey_idx_part1 on lineitem l1  (cost=0.56..927589.14 rows=20063747 width=8) (actual time=0.037..15697.203 rows=37928885 loops=1)
                                                   Buffers: shared hit=874874 read=402768 dirtied=501 written=233
                                             ->  Hash  (cost=3595.32..3595.32 rows=4000 width=30) (actual time=37.571..37.571 rows=4007 loops=1)
                                                   Buckets: 4096  Batches: 1  Memory Usage: 283kB
                                                   Buffers: shared hit=2180
                                                   ->  Hash Join  (cost=1.32..3595.32 rows=4000 width=30) (actual time=0.040..36.476 rows=4007 loops=1)
                                                         Hash Cond: (supplier.s_nationkey = nation.n_nationkey)
                                                         Buffers: shared hit=2180
                                                         ->  Seq Scan on supplier  (cost=0.00..3179.00 rows=100000 width=34) (actual time=0.006..21.195 rows=100000 loops=1)
                                                               Buffers: shared hit=2179
                                                         ->  Hash  (cost=1.31..1.31 rows=1 width=4) (actual time=0.020..0.020 rows=1 loops=1)
                                                               Buckets: 1024  Batches: 1  Memory Usage: 9kB
                                                               Buffers: shared hit=1
                                                               ->  Seq Scan on nation  (cost=0.00..1.31 rows=1 width=4) (actual time=0.009..0.013 rows=1 loops=1)
                                                                     Filter: (n_name = 'ARGENTINA'::bpchar)
                                                                     Rows Removed by Filter: 24
                                                                     Buffers: shared hit=1
                                       ->  Hash  (cost=442089.90..442089.90 rows=7332558 width=4) (actual time=6929.122..6929.122 rows=7309419 loops=1)
                                             Buckets: 8388608  Batches: 1  Memory Usage: 322508kB
                                             Buffers: shared hit=102164 read=151864 dirtied=1 written=6960
                                             ->  Seq Scan on orders  (cost=0.00..442089.90 rows=7332558 width=4) (actual time=0.026..4913.193 rows=7309419 loops=1)
                                                   Filter: (o_orderstatus = 'F'::bpchar)
                                                   Rows Removed by Filter: 7690581
                                                   Buffers: shared hit=102164 read=151864 dirtied=1 written=6960
                           ->  Index Scan using lineitem_l_orderkey_idx_part1 on lineitem l3  (cost=0.56..927589.14 rows=20063747 width=8) (actual time=0.066..15510.369 rows=37946850 loops=1)
                                 Buffers: shared hit=971111 read=306579 written=6515
                     ->  Index Scan using lineitem_l_orderkey_idx on lineitem l2  (cost=0.56..2633932.17 rows=60191240 width=8) (actual time=0.055..13385.593 rows=59985026 loops=1)
                           Buffers: shared hit=1235197 read=165085 written=2573
 Planning time: 9.328 ms
 Execution time: 69641.960 ms
(59 rows)

COMMIT;
COMMIT
