BEGIN;
BEGIN
EXPLAIN (ANALYZE, BUFFERS)
select
	o_year,
	sum(case
		when nation = 'ALGERIA' then volume
		else 0
	end) / sum(volume) as mkt_share
from
	(
		select
			extract(year from o_orderdate) as o_year,
			l_extendedprice * (1 - l_discount) as volume,
			n2.n_name as nation
		from
			part,
			supplier,
			lineitem,
			orders,
			customer,
			nation n1,
			nation n2,
			region
		where
			p_partkey = l_partkey
			and s_suppkey = l_suppkey
			and l_orderkey = o_orderkey
			and o_custkey = c_custkey
			and c_nationkey = n1.n_nationkey
			and n1.n_regionkey = r_regionkey
			and r_name = 'AFRICA'
			and s_nationkey = n2.n_nationkey
			and o_orderdate between date '1995-01-01' and date '1996-12-31'
			and p_type = 'ECONOMY POLISHED BRASS'
	) as all_nations
group by
	o_year
order by
	o_year;
                                                                                                QUERY PLAN                                                                                                
----------------------------------------------------------------------------------------------------------------------------------------------------------------------------------------------------------
 Sort  (cost=2459345.61..2459347.43 rows=730 width=38) (actual time=27515.897..27515.898 rows=2 loops=1)
   Sort Key: (date_part('year'::text, (orders.o_orderdate)::timestamp without time zone))
   Sort Method: quicksort  Memory: 25kB
   Buffers: shared hit=955973 read=430684 dirtied=18 written=29
   ->  HashAggregate  (cost=2459298.12..2459310.89 rows=730 width=38) (actual time=27515.833..27515.834 rows=2 loops=1)
         Group Key: date_part('year'::text, (orders.o_orderdate)::timestamp without time zone)
         Buffers: shared hit=955970 read=430684 dirtied=18 written=29
         ->  Hash Join  (cost=552716.23..2458820.22 rows=23895 width=38) (actual time=7375.931..27477.891 rows=23972 loops=1)
               Hash Cond: (supplier.s_nationkey = n2.n_nationkey)
               Buffers: shared hit=955970 read=430684 dirtied=18 written=29
               ->  Hash Join  (cost=552714.67..2458370.62 rows=23895 width=16) (actual time=7375.857..27443.480 rows=23972 loops=1)
                     Hash Cond: (lineitem.l_suppkey = supplier.s_suppkey)
                     Buffers: shared hit=955966 read=430684 dirtied=18 written=29
                     ->  Hash Join  (cost=548285.67..2453613.07 rows=23895 width=16) (actual time=7329.448..27373.618 rows=23972 loops=1)
                           Hash Cond: (lineitem.l_orderkey = orders.o_orderkey)
                           Buffers: shared hit=953787 read=430684 dirtied=18 written=29
                           ->  Hash Join  (cost=27962.61..1931573.34 rows=394058 width=16) (actual time=130.974..20007.014 rows=395484 loops=1)
                                 Hash Cond: (lineitem.l_partkey = part.p_partkey)
                                 Buffers: shared hit=918687 read=163485 dirtied=18 written=29
                                 ->  Seq Scan on lineitem  (cost=0.00..1673598.29 rows=60285829 width=20) (actual time=0.020..10581.955 rows=60046221 loops=1)
                                       Buffers: shared hit=918309 read=152431 dirtied=18 written=29
                                 ->  Hash  (cost=27799.20..27799.20 rows=13073 width=4) (actual time=130.791..130.791 rows=13188 loops=1)
                                       Buckets: 16384  Batches: 1  Memory Usage: 592kB
                                       Buffers: shared hit=378 read=11054
                                       ->  Bitmap Heap Scan on part  (cost=405.74..27799.20 rows=13073 width=4) (actual time=5.782..125.944 rows=13188 loops=1)
                                             Recheck Cond: ((p_type)::text = 'ECONOMY POLISHED BRASS'::text)
                                             Heap Blocks: exact=11350
                                             Buffers: shared hit=378 read=11054
                                             ->  Bitmap Index Scan on part_p_type_p_partkey_idx  (cost=0.00..402.48 rows=13073 width=0) (actual time=3.589..3.589 rows=13188 loops=1)
                                                   Index Cond: ((p_type)::text = 'ECONOMY POLISHED BRASS'::text)
                                                   Buffers: shared read=82
                           ->  Hash  (cost=508896.71..508896.71 rows=914108 width=8) (actual time=7194.420..7194.420 rows=911915 loops=1)
                                 Buckets: 1048576  Batches: 1  Memory Usage: 43814kB
                                 Buffers: shared hit=35100 read=267199
                                 ->  Hash Join  (cost=159524.00..508896.71 rows=914108 width=8) (actual time=2275.209..6909.708 rows=911915 loops=1)
                                       Hash Cond: (orders.o_custkey = customer.c_custkey)
                                       Buffers: shared hit=35100 read=267199
                                       ->  Bitmap Heap Scan on orders  (cost=96868.47..419960.57 rows=4570540 width=12) (actual time=1437.599..4509.024 rows=4561668 loops=1)
                                             Recheck Cond: ((o_orderdate >= '1995-01-01'::date) AND (o_orderdate <= '1996-12-31'::date))
                                             Heap Blocks: exact=254534
                                             Buffers: shared hit=35096 read=231923
                                             ->  Bitmap Index Scan on orders_o_orderdate_o_orderkey_idx  (cost=0.00..95725.83 rows=4570540 width=0) (actual time=1351.814..1351.814 rows=4579958 loops=1)
                                                   Index Cond: ((o_orderdate >= '1995-01-01'::date) AND (o_orderdate <= '1996-12-31'::date))
                                                   Buffers: shared read=12485
                                       ->  Hash  (cost=58905.53..58905.53 rows=300000 width=4) (actual time=835.357..835.357 rows=299493 loops=1)
                                             Buckets: 524288  Batches: 1  Memory Usage: 14626kB
                                             Buffers: shared hit=4 read=35276
                                             ->  Hash Join  (cost=2.53..58905.53 rows=300000 width=4) (actual time=0.074..749.101 rows=299493 loops=1)
                                                   Hash Cond: (customer.c_nationkey = n1.n_nationkey)
                                                   Buffers: shared hit=4 read=35276
                                                   ->  Seq Scan on customer  (cost=0.00..50278.00 rows=1500000 width=8) (actual time=0.006..487.136 rows=1500000 loops=1)
                                                         Buffers: shared hit=2 read=35276
                                                   ->  Hash  (cost=2.47..2.47 rows=5 width=4) (actual time=0.051..0.051 rows=5 loops=1)
                                                         Buckets: 1024  Batches: 1  Memory Usage: 9kB
                                                         Buffers: shared hit=2
                                                         ->  Hash Join  (cost=1.07..2.47 rows=5 width=4) (actual time=0.035..0.042 rows=5 loops=1)
                                                               Hash Cond: (n1.n_regionkey = region.r_regionkey)
                                                               Buffers: shared hit=2
                                                               ->  Seq Scan on nation n1  (cost=0.00..1.25 rows=25 width=8) (actual time=0.005..0.006 rows=25 loops=1)
                                                                     Buffers: shared hit=1
                                                               ->  Hash  (cost=1.06..1.06 rows=1 width=4) (actual time=0.020..0.020 rows=1 loops=1)
                                                                     Buckets: 1024  Batches: 1  Memory Usage: 9kB
                                                                     Buffers: shared hit=1
                                                                     ->  Seq Scan on region  (cost=0.00..1.06 rows=1 width=4) (actual time=0.013..0.016 rows=1 loops=1)
                                                                           Filter: (r_name = 'AFRICA'::bpchar)
                                                                           Rows Removed by Filter: 4
                                                                           Buffers: shared hit=1
                     ->  Hash  (cost=3179.00..3179.00 rows=100000 width=8) (actual time=45.827..45.827 rows=100000 loops=1)
                           Buckets: 131072  Batches: 1  Memory Usage: 4931kB
                           Buffers: shared hit=2179
                           ->  Seq Scan on supplier  (cost=0.00..3179.00 rows=100000 width=8) (actual time=0.003..23.062 rows=100000 loops=1)
                                 Buffers: shared hit=2179
               ->  Hash  (cost=1.25..1.25 rows=25 width=30) (actual time=0.017..0.017 rows=25 loops=1)
                     Buckets: 1024  Batches: 1  Memory Usage: 10kB
                     Buffers: shared hit=1
                     ->  Seq Scan on nation n2  (cost=0.00..1.25 rows=25 width=30) (actual time=0.003..0.006 rows=25 loops=1)
                           Buffers: shared hit=1
 Planning time: 6.699 ms
 Execution time: 27518.429 ms
(79 rows)

COMMIT;
COMMIT
