BEGIN;
BEGIN
EXPLAIN (ANALYZE, BUFFERS)
select
	c_custkey,
	c_name,
	sum(l_extendedprice * (1 - l_discount)) as revenue,
	c_acctbal,
	n_name,
	c_address,
	c_phone,
	c_comment
from
	customer,
	orders,
	lineitem,
	nation
where
	c_custkey = o_custkey
	and l_orderkey = o_orderkey
	and o_orderdate >= date '1994-07-01'
	and o_orderdate < cast(date '1994-07-01' + interval '3 month' as date)
	and l_returnflag = 'R'
	and c_nationkey = n_nationkey
group by
	c_custkey,
	c_name,
	c_acctbal,
	c_phone,
	n_name,
	c_address,
	c_comment
order by
	revenue desc
LIMIT 20;
                                                                                                QUERY PLAN                                                                                                
----------------------------------------------------------------------------------------------------------------------------------------------------------------------------------------------------------
 Limit  (cost=1160135.41..1160135.46 rows=20 width=175) (actual time=20078.036..20078.043 rows=20 loops=1)
   Buffers: shared hit=1050255 read=392318 dirtied=228 written=21066
   ->  Sort  (cost=1160135.41..1161565.76 rows=572143 width=175) (actual time=20078.032..20078.034 rows=20 loops=1)
         Sort Key: (sum((lineitem.l_extendedprice * (1::double precision - lineitem.l_discount))))
         Sort Method: top-N heapsort  Memory: 30kB
         Buffers: shared hit=1050255 read=392318 dirtied=228 written=21066
         ->  HashAggregate  (cost=1139189.46..1144910.89 rows=572143 width=175) (actual time=19739.556..19942.676 rows=381183 loops=1)
               Group Key: customer.c_custkey, customer.c_name, customer.c_acctbal, customer.c_phone, nation.n_name, customer.c_address, customer.c_comment
               Buffers: shared hit=1050252 read=392318 dirtied=228 written=21066
               ->  Hash Join  (cost=353260.74..1124885.88 rows=572143 width=175) (actual time=5286.225..18032.462 rows=1145915 loops=1)
                     Hash Cond: (customer.c_nationkey = nation.n_nationkey)
                     Buffers: shared hit=1050252 read=392318 dirtied=228 written=21066
                     ->  Hash Join  (cost=353259.18..1117017.35 rows=572143 width=153) (actual time=5286.194..17664.488 rows=1145915 loops=1)
                           Hash Cond: (orders.o_custkey = customer.c_custkey)
                           Buffers: shared hit=1050251 read=392318 dirtied=228 written=21066
                           ->  Hash Join  (cost=284231.18..1039407.21 rows=572143 width=12) (actual time=3659.120..15354.104 rows=1145915 loops=1)
                                 Hash Cond: (lineitem.l_orderkey = orders.o_orderkey)
                                 Buffers: shared hit=1050250 read=357041 dirtied=228 written=20986
                                 ->  Index Scan using lineitem_l_orderkey_idx_l_returnflag on lineitem  (cost=0.43..693181.81 rows=15006193 width=12) (actual time=0.045..8551.463 rows=14808082 loops=1)
                                       Buffers: shared hit=1050249 read=124777 written=3963
                                 ->  Hash  (cost=277010.44..277010.44 rows=577624 width=8) (actual time=3655.229..3655.229 rows=573347 loops=1)
                                       Buckets: 1048576  Batches: 1  Memory Usage: 30589kB
                                       Buffers: shared hit=1 read=232264 dirtied=228 written=17023
                                       ->  Bitmap Heap Scan on orders  (cost=12545.08..277010.44 rows=577624 width=8) (actual time=257.292..3458.318 rows=573347 loops=1)
                                             Recheck Cond: ((o_orderdate >= '1994-07-01'::date) AND (o_orderdate < '1994-10-01'::date))
                                             Heap Blocks: exact=230604
                                             Buffers: shared hit=1 read=232264 dirtied=228 written=17023
                                             ->  Bitmap Index Scan on orders_o_orderdate_o_orderkey_idx  (cost=0.00..12400.67 rows=577624 width=0) (actual time=181.026..181.026 rows=579094 loops=1)
                                                   Index Cond: ((o_orderdate >= '1994-07-01'::date) AND (o_orderdate < '1994-10-01'::date))
                                                   Buffers: shared read=1661 written=1
                           ->  Hash  (cost=50278.00..50278.00 rows=1500000 width=145) (actual time=1620.017..1620.017 rows=1500000 loops=1)
                                 Buckets: 2097152  Batches: 1  Memory Usage: 281501kB
                                 Buffers: shared hit=1 read=35277 written=80
                                 ->  Seq Scan on customer  (cost=0.00..50278.00 rows=1500000 width=145) (actual time=0.009..811.605 rows=1500000 loops=1)
                                       Buffers: shared hit=1 read=35277 written=80
                     ->  Hash  (cost=1.25..1.25 rows=25 width=30) (actual time=0.019..0.019 rows=25 loops=1)
                           Buckets: 1024  Batches: 1  Memory Usage: 10kB
                           Buffers: shared hit=1
                           ->  Seq Scan on nation  (cost=0.00..1.25 rows=25 width=30) (actual time=0.005..0.008 rows=25 loops=1)
                                 Buffers: shared hit=1
 Planning time: 4.515 ms
 Execution time: 20089.532 ms
(42 rows)

COMMIT;
COMMIT
