BEGIN;
BEGIN
EXPLAIN (ANALYZE, BUFFERS)
select
	s_name,
	count(*) as numwait
from
	supplier,
	lineitem l1,
	orders,
	nation
where
	s_suppkey = l1.l_suppkey
	and o_orderkey = l1.l_orderkey
	and o_orderstatus = 'F'
	and l1.l_receiptdate > l1.l_commitdate
	and exists (
		select
			*
		from
			lineitem l2
		where
			l2.l_orderkey = l1.l_orderkey
			and l2.l_suppkey <> l1.l_suppkey
	)
	and not exists (
		select
			*
		from
			lineitem l3
		where
			l3.l_orderkey = l1.l_orderkey
			and l3.l_suppkey <> l1.l_suppkey
			and l3.l_receiptdate > l3.l_commitdate
	)
	and s_nationkey = n_nationkey
	and n_name = 'ROMANIA'
group by
	s_name
order by
	numwait desc,
	s_name
LIMIT 100;
                                                                                                    QUERY PLAN                                                                                                    
------------------------------------------------------------------------------------------------------------------------------------------------------------------------------------------------------------------
 Limit  (cost=5468865.25..5468865.25 rows=1 width=26) (actual time=74493.630..74493.649 rows=100 loops=1)
   Buffers: shared hit=3532260 read=815855 dirtied=2676 written=11713
   ->  Sort  (cost=5468865.25..5468865.25 rows=1 width=26) (actual time=74493.627..74493.633 rows=100 loops=1)
         Sort Key: (count(*)), supplier.s_name
         Sort Method: top-N heapsort  Memory: 32kB
         Buffers: shared hit=3532260 read=815855 dirtied=2676 written=11713
         ->  HashAggregate  (cost=5468865.23..5468865.24 rows=1 width=26) (actual time=74490.850..74492.428 rows=4029 loops=1)
               Group Key: supplier.s_name
               Buffers: shared hit=3532252 read=815855 dirtied=2676 written=11713
               ->  Merge Semi Join  (cost=1612993.95..5468865.22 rows=1 width=26) (actual time=32949.637..74412.827 rows=39744 loops=1)
                     Merge Cond: (orders.o_orderkey = l2.l_orderkey)
                     Join Filter: (l2.l_suppkey <> l1.l_suppkey)
                     Rows Removed by Join Filter: 41975
                     Buffers: shared hit=3532252 read=815855 dirtied=2676 written=11713
                     ->  Merge Anti Join  (cost=1612981.29..2631897.31 rows=394877 width=38) (actual time=32947.575..53929.553 rows=66308 loops=1)
                           Merge Cond: (l1.l_orderkey = l3.l_orderkey)
                           Join Filter: (l3.l_suppkey <> l1.l_suppkey)
                           Rows Removed by Join Filter: 268598
                           Buffers: shared hit=2247102 read=645986 dirtied=1295 written=8996
                           ->  Sort  (cost=1612980.73..1613967.92 rows=394877 width=38) (actual time=32947.368..33078.797 rows=738716 loops=1)
                                 Sort Key: l1.l_orderkey
                                 Sort Method: quicksort  Memory: 82289kB
                                 Buffers: shared hit=1121350 read=459057 dirtied=1140 written=6303
                                 ->  Hash Join  (cost=542712.84..1576274.85 rows=394877 width=38) (actual time=8042.729..32659.075 rows=738716 loops=1)
                                       Hash Cond: (l1.l_orderkey = orders.o_orderkey)
                                       Buffers: shared hit=1121347 read=459057 dirtied=1140 written=6303
                                       ->  Hash Join  (cost=3645.89..1024144.28 rows=810209 width=34) (actual time=35.830..23482.308 rows=1529029 loops=1)
                                             Hash Cond: (l1.l_suppkey = supplier.s_suppkey)
                                             Buffers: shared hit=1121346 read=202498 dirtied=887 written=3542
                                             ->  Index Scan using lineitem_l_orderkey_idx_part1 on lineitem l1  (cost=0.56..936439.81 rows=20255214 width=8) (actual time=0.053..16557.105 rows=37966199 loops=1)
                                                   Buffers: shared hit=1119163 read=202498 dirtied=887 written=3542
                                             ->  Hash  (cost=3595.32..3595.32 rows=4000 width=30) (actual time=35.725..35.725 rows=4029 loops=1)
                                                   Buckets: 4096  Batches: 1  Memory Usage: 284kB
                                                   Buffers: shared hit=2180
                                                   ->  Hash Join  (cost=1.32..3595.32 rows=4000 width=30) (actual time=0.041..34.686 rows=4029 loops=1)
                                                         Hash Cond: (supplier.s_nationkey = nation.n_nationkey)
                                                         Buffers: shared hit=2180
                                                         ->  Seq Scan on supplier  (cost=0.00..3179.00 rows=100000 width=34) (actual time=0.006..19.718 rows=100000 loops=1)
                                                               Buffers: shared hit=2179
                                                         ->  Hash  (cost=1.31..1.31 rows=1 width=4) (actual time=0.019..0.019 rows=1 loops=1)
                                                               Buckets: 1024  Batches: 1  Memory Usage: 9kB
                                                               Buffers: shared hit=1
                                                               ->  Seq Scan on nation  (cost=0.00..1.31 rows=1 width=4) (actual time=0.012..0.014 rows=1 loops=1)
                                                                     Filter: (n_name = 'ROMANIA'::bpchar)
                                                                     Rows Removed by Filter: 24
                                                                     Buffers: shared hit=1
                                       ->  Hash  (cost=446496.39..446496.39 rows=7405645 width=4) (actual time=7981.208..7981.208 rows=7316916 loops=1)
                                             Buckets: 8388608  Batches: 1  Memory Usage: 322772kB
                                             Buffers: shared hit=1 read=256559 dirtied=253 written=2761
                                             ->  Seq Scan on orders  (cost=0.00..446496.39 rows=7405645 width=4) (actual time=0.021..5976.704 rows=7316916 loops=1)
                                                   Filter: (o_orderstatus = 'F'::bpchar)
                                                   Rows Removed by Filter: 7698084
                                                   Buffers: shared hit=1 read=256559 dirtied=253 written=2761
                           ->  Index Scan using lineitem_l_orderkey_idx_part1 on lineitem l3  (cost=0.56..936439.81 rows=20255214 width=8) (actual time=0.059..16694.805 rows=37984527 loops=1)
                                 Buffers: shared hit=1125752 read=186929 dirtied=155 written=2693
                     ->  Index Scan using lineitem_l_orderkey_idx on lineitem l2  (cost=0.56..2664342.19 rows=60765642 width=8) (actual time=0.078..14703.111 rows=60045234 loops=1)
                           Buffers: shared hit=1285150 read=169869 dirtied=1381 written=2717
 Planning time: 9.774 ms
 Execution time: 74504.183 ms
(59 rows)

COMMIT;
COMMIT
