BEGIN;
BEGIN
EXPLAIN (ANALYZE, BUFFERS)
select
	o_year,
	sum(case
		when nation = 'PERU' then volume
		else 0
	end) / sum(volume) as mkt_share
from
	(
		select
			extract(year from o_orderdate) as o_year,
			l_extendedprice * (1 - l_discount) as volume,
			n2.n_name as nation
		from
			part,
			supplier,
			lineitem,
			orders,
			customer,
			nation n1,
			nation n2,
			region
		where
			p_partkey = l_partkey
			and s_suppkey = l_suppkey
			and l_orderkey = o_orderkey
			and o_custkey = c_custkey
			and c_nationkey = n1.n_nationkey
			and n1.n_regionkey = r_regionkey
			and r_name = 'AMERICA'
			and s_nationkey = n2.n_nationkey
			and o_orderdate between date '1995-01-01' and date '1996-12-31'
			and p_type = 'ECONOMY BURNISHED BRASS'
	) as all_nations
group by
	o_year
order by
	o_year;
                                                                                                QUERY PLAN                                                                                                
----------------------------------------------------------------------------------------------------------------------------------------------------------------------------------------------------------
 Sort  (cost=2474268.09..2474269.92 rows=730 width=38) (actual time=28017.977..28017.978 rows=2 loops=1)
   Sort Key: (date_part('year'::text, (orders.o_orderdate)::timestamp without time zone))
   Sort Method: quicksort  Memory: 25kB
   Buffers: shared hit=985168 read=408916 written=560
   ->  HashAggregate  (cost=2474220.60..2474233.37 rows=730 width=38) (actual time=28017.913..28017.914 rows=2 loops=1)
         Group Key: date_part('year'::text, (orders.o_orderdate)::timestamp without time zone)
         Buffers: shared hit=985165 read=408916 written=560
         ->  Hash Join  (cost=557946.35..2473723.44 rows=24858 width=38) (actual time=8325.640..27980.501 rows=24669 loops=1)
               Hash Cond: (supplier.s_nationkey = n2.n_nationkey)
               Buffers: shared hit=985165 read=408916 written=560
               ->  Hash Join  (cost=557944.79..2473255.79 rows=24858 width=16) (actual time=8325.554..27948.254 rows=24669 loops=1)
                     Hash Cond: (lineitem.l_suppkey = supplier.s_suppkey)
                     Buffers: shared hit=985161 read=408916 written=560
                     ->  Hash Join  (cost=553515.79..2468484.99 rows=24858 width=16) (actual time=8273.968..27872.335 rows=24669 loops=1)
                           Hash Cond: (lineitem.l_orderkey = orders.o_orderkey)
                           Buffers: shared hit=982982 read=408916 written=560
                           ->  Hash Join  (cost=28531.58..1941714.90 rows=409946 width=16) (actual time=158.861..19585.593 rows=405378 loops=1)
                                 Hash Cond: (lineitem.l_partkey = part.p_partkey)
                                 Buffers: shared hit=982977 read=104693 written=24
                                 ->  Seq Scan on lineitem  (cost=0.00..1681891.72 rows=60584572 width=20) (actual time=0.007..10130.562 rows=60044176 loops=1)
                                       Buffers: shared hit=982567 read=93479
                                 ->  Hash  (cost=28362.42..28362.42 rows=13533 width=4) (actual time=158.722..158.722 rows=13476 loops=1)
                                       Buckets: 16384  Batches: 1  Memory Usage: 602kB
                                       Buffers: shared hit=410 read=11214 written=24
                                       ->  Bitmap Heap Scan on part  (cost=417.31..28362.42 rows=13533 width=4) (actual time=6.237..153.704 rows=13476 loops=1)
                                             Recheck Cond: ((p_type)::text = 'ECONOMY BURNISHED BRASS'::text)
                                             Heap Blocks: exact=11540
                                             Buffers: shared hit=410 read=11214 written=24
                                             ->  Bitmap Index Scan on part_p_type_p_partkey_idx  (cost=0.00..413.93 rows=13533 width=0) (actual time=3.985..3.985 rows=13476 loops=1)
                                                   Index Cond: ((p_type)::text = 'ECONOMY BURNISHED BRASS'::text)
                                                   Buffers: shared read=84
                           ->  Hash  (cost=513500.99..513500.99 rows=918658 width=8) (actual time=8110.804..8110.804 rows=911249 loops=1)
                                 Buckets: 1048576  Batches: 1  Memory Usage: 43788kB
                                 Buffers: shared hit=5 read=304223 written=536
                                 ->  Hash Join  (cost=162389.20..513500.99 rows=918658 width=8) (actual time=2363.075..7819.665 rows=911249 loops=1)
                                       Hash Cond: (orders.o_custkey = customer.c_custkey)
                                       Buffers: shared hit=5 read=304223 written=536
                                       ->  Bitmap Heap Scan on orders  (cost=99733.67..424434.03 rows=4593291 width=12) (actual time=1449.071..5290.430 rows=4561673 loops=1)
                                             Recheck Cond: ((o_orderdate >= '1995-01-01'::date) AND (o_orderdate <= '1996-12-31'::date))
                                             Heap Blocks: exact=255801
                                             Buffers: shared hit=1 read=268947 written=483
                                             ->  Bitmap Index Scan on orders_o_orderdate_o_orderkey_idx  (cost=0.00..98585.35 rows=4593291 width=0) (actual time=1364.310..1364.310 rows=4602796 loops=1)
                                                   Index Cond: ((o_orderdate >= '1995-01-01'::date) AND (o_orderdate <= '1996-12-31'::date))
                                                   Buffers: shared read=13147 written=24
                                       ->  Hash  (cost=58905.53..58905.53 rows=300000 width=4) (actual time=911.783..911.783 rows=299436 loops=1)
                                             Buckets: 524288  Batches: 1  Memory Usage: 14624kB
                                             Buffers: shared hit=4 read=35276 written=53
                                             ->  Hash Join  (cost=2.53..58905.53 rows=300000 width=4) (actual time=0.077..825.895 rows=299436 loops=1)
                                                   Hash Cond: (customer.c_nationkey = n1.n_nationkey)
                                                   Buffers: shared hit=4 read=35276 written=53
                                                   ->  Seq Scan on customer  (cost=0.00..50278.00 rows=1500000 width=8) (actual time=0.008..564.287 rows=1500000 loops=1)
                                                         Buffers: shared hit=2 read=35276 written=53
                                                   ->  Hash  (cost=2.47..2.47 rows=5 width=4) (actual time=0.056..0.056 rows=5 loops=1)
                                                         Buckets: 1024  Batches: 1  Memory Usage: 9kB
                                                         Buffers: shared hit=2
                                                         ->  Hash Join  (cost=1.07..2.47 rows=5 width=4) (actual time=0.041..0.048 rows=5 loops=1)
                                                               Hash Cond: (n1.n_regionkey = region.r_regionkey)
                                                               Buffers: shared hit=2
                                                               ->  Seq Scan on nation n1  (cost=0.00..1.25 rows=25 width=8) (actual time=0.004..0.005 rows=25 loops=1)
                                                                     Buffers: shared hit=1
                                                               ->  Hash  (cost=1.06..1.06 rows=1 width=4) (actual time=0.020..0.020 rows=1 loops=1)
                                                                     Buckets: 1024  Batches: 1  Memory Usage: 9kB
                                                                     Buffers: shared hit=1
                                                                     ->  Seq Scan on region  (cost=0.00..1.06 rows=1 width=4) (actual time=0.014..0.015 rows=1 loops=1)
                                                                           Filter: (r_name = 'AMERICA'::bpchar)
                                                                           Rows Removed by Filter: 4
                                                                           Buffers: shared hit=1
                     ->  Hash  (cost=3179.00..3179.00 rows=100000 width=8) (actual time=51.030..51.030 rows=100000 loops=1)
                           Buckets: 131072  Batches: 1  Memory Usage: 4931kB
                           Buffers: shared hit=2179
                           ->  Seq Scan on supplier  (cost=0.00..3179.00 rows=100000 width=8) (actual time=0.007..28.665 rows=100000 loops=1)
                                 Buffers: shared hit=2179
               ->  Hash  (cost=1.25..1.25 rows=25 width=30) (actual time=0.022..0.022 rows=25 loops=1)
                     Buckets: 1024  Batches: 1  Memory Usage: 10kB
                     Buffers: shared hit=1
                     ->  Seq Scan on nation n2  (cost=0.00..1.25 rows=25 width=30) (actual time=0.003..0.009 rows=25 loops=1)
                           Buffers: shared hit=1
 Planning time: 5.990 ms
 Execution time: 28020.257 ms
(79 rows)

COMMIT;
COMMIT
