BEGIN;
BEGIN
EXPLAIN (ANALYZE, BUFFERS)
select
	c_custkey,
	c_name,
	sum(l_extendedprice * (1 - l_discount)) as revenue,
	c_acctbal,
	n_name,
	c_address,
	c_phone,
	c_comment
from
	customer,
	orders,
	lineitem,
	nation
where
	c_custkey = o_custkey
	and l_orderkey = o_orderkey
	and o_orderdate >= date '1995-01-01'
	and o_orderdate < cast(date '1995-01-01' + interval '3 month' as date)
	and l_returnflag = 'R'
	and c_nationkey = n_nationkey
group by
	c_custkey,
	c_name,
	c_acctbal,
	c_phone,
	n_name,
	c_address,
	c_comment
order by
	revenue desc
LIMIT 20;
                                                                                                QUERY PLAN                                                                                                
----------------------------------------------------------------------------------------------------------------------------------------------------------------------------------------------------------
 Limit  (cost=1160803.97..1160804.02 rows=20 width=175) (actual time=20014.500..20014.505 rows=20 loops=1)
   Buffers: shared hit=1036400 read=414768 dirtied=4441 written=22437
   ->  Sort  (cost=1160803.97..1162212.24 rows=563311 width=175) (actual time=20014.497..20014.502 rows=20 loops=1)
         Sort Key: (sum((lineitem.l_extendedprice * (1::double precision - lineitem.l_discount))))
         Sort Method: top-N heapsort  Memory: 30kB
         Buffers: shared hit=1036400 read=414768 dirtied=4441 written=22437
         ->  HashAggregate  (cost=1140181.35..1145814.46 rows=563311 width=175) (actual time=19704.018..19887.898 rows=354626 loops=1)
               Group Key: customer.c_custkey, customer.c_name, customer.c_acctbal, customer.c_phone, nation.n_name, customer.c_address, customer.c_comment
               Buffers: shared hit=1036397 read=414768 dirtied=4441 written=22437
               ->  Hash Join  (cost=353325.90..1126098.58 rows=563311 width=175) (actual time=5507.443..18268.264 rows=940703 loops=1)
                     Hash Cond: (customer.c_nationkey = nation.n_nationkey)
                     Buffers: shared hit=1036397 read=414768 dirtied=4441 written=22437
                     ->  Hash Join  (cost=353324.33..1118351.49 rows=563311 width=153) (actual time=5507.408..17961.441 rows=940703 loops=1)
                           Hash Cond: (orders.o_custkey = customer.c_custkey)
                           Buffers: shared hit=1036396 read=414768 dirtied=4441 written=22437
                           ->  Hash Join  (cost=284296.33..1040873.82 rows=563311 width=12) (actual time=3876.817..15746.313 rows=940703 loops=1)
                                 Hash Cond: (lineitem.l_orderkey = orders.o_orderkey)
                                 Buffers: shared hit=1036394 read=379492 dirtied=4441 written=22437
                                 ->  Index Scan using lineitem_l_orderkey_idx_l_returnflag on lineitem  (cost=0.43..694559.57 rows=15036065 width=12) (actual time=0.043..8815.234 rows=14807680 loops=1)
                                       Buffers: shared hit=1025132 read=159515 dirtied=3529 written=1884
                                 ->  Hash  (cost=277187.14..277187.14 rows=568701 width=8) (actual time=3872.974..3872.974 rows=561463 loops=1)
                                       Buckets: 1048576  Batches: 1  Memory Usage: 30125kB
                                       Buffers: shared hit=11262 read=219977 dirtied=912 written=20553
                                       ->  Bitmap Heap Scan on orders  (cost=12349.62..277187.14 rows=568701 width=8) (actual time=257.307..3676.530 rows=561463 loops=1)
                                             Recheck Cond: ((o_orderdate >= '1995-01-01'::date) AND (o_orderdate < '1995-04-01'::date))
                                             Heap Blocks: exact=229613
                                             Buffers: shared hit=11262 read=219977 dirtied=912 written=20553
                                             ->  Bitmap Index Scan on orders_o_orderdate_o_orderkey_idx  (cost=0.00..12207.44 rows=568701 width=0) (actual time=182.679..182.679 rows=568268 loops=1)
                                                   Index Cond: ((o_orderdate >= '1995-01-01'::date) AND (o_orderdate < '1995-04-01'::date))
                                                   Buffers: shared read=1626 written=57
                           ->  Hash  (cost=50278.00..50278.00 rows=1500000 width=145) (actual time=1623.583..1623.583 rows=1500000 loops=1)
                                 Buckets: 2097152  Batches: 1  Memory Usage: 281501kB
                                 Buffers: shared hit=2 read=35276
                                 ->  Seq Scan on customer  (cost=0.00..50278.00 rows=1500000 width=145) (actual time=0.008..825.916 rows=1500000 loops=1)
                                       Buffers: shared hit=2 read=35276
                     ->  Hash  (cost=1.25..1.25 rows=25 width=30) (actual time=0.020..0.020 rows=25 loops=1)
                           Buckets: 1024  Batches: 1  Memory Usage: 10kB
                           Buffers: shared hit=1
                           ->  Seq Scan on nation  (cost=0.00..1.25 rows=25 width=30) (actual time=0.005..0.009 rows=25 loops=1)
                                 Buffers: shared hit=1
 Planning time: 4.660 ms
 Execution time: 20025.542 ms
(42 rows)

COMMIT;
COMMIT
