BEGIN;
BEGIN
EXPLAIN (ANALYZE, BUFFERS)
select
	o_year,
	sum(case
		when nation = 'INDIA' then volume
		else 0
	end) / sum(volume) as mkt_share
from
	(
		select
			extract(year from o_orderdate) as o_year,
			l_extendedprice * (1 - l_discount) as volume,
			n2.n_name as nation
		from
			part,
			supplier,
			lineitem,
			orders,
			customer,
			nation n1,
			nation n2,
			region
		where
			p_partkey = l_partkey
			and s_suppkey = l_suppkey
			and l_orderkey = o_orderkey
			and o_custkey = c_custkey
			and c_nationkey = n1.n_nationkey
			and n1.n_regionkey = r_regionkey
			and r_name = 'ASIA'
			and s_nationkey = n2.n_nationkey
			and o_orderdate between date '1995-01-01' and date '1996-12-31'
			and p_type = 'PROMO ANODIZED BRASS'
	) as all_nations
group by
	o_year
order by
	o_year;
                                                                                                QUERY PLAN                                                                                                
----------------------------------------------------------------------------------------------------------------------------------------------------------------------------------------------------------
 Sort  (cost=2487591.43..2487593.25 rows=730 width=38) (actual time=29499.720..29499.721 rows=2 loops=1)
   Sort Key: (date_part('year'::text, (orders.o_orderdate)::timestamp without time zone))
   Sort Method: quicksort  Memory: 25kB
   Buffers: shared hit=1113153 read=288709 dirtied=280 written=465
   ->  HashAggregate  (cost=2487543.94..2487556.71 rows=730 width=38) (actual time=29499.648..29499.649 rows=2 loops=1)
         Group Key: date_part('year'::text, (orders.o_orderdate)::timestamp without time zone)
         Buffers: shared hit=1113150 read=288709 dirtied=280 written=465
         ->  Hash Join  (cost=560118.13..2487060.82 rows=24156 width=38) (actual time=8060.786..29460.609 rows=24109 loops=1)
               Hash Cond: (supplier.s_nationkey = n2.n_nationkey)
               Buffers: shared hit=1113150 read=288709 dirtied=280 written=465
               ->  Hash Join  (cost=560116.57..2486606.33 rows=24156 width=16) (actual time=8060.718..29421.660 rows=24109 loops=1)
                     Hash Cond: (lineitem.l_suppkey = supplier.s_suppkey)
                     Buffers: shared hit=1113146 read=288709 dirtied=280 written=465
                     ->  Hash Join  (cost=555687.57..2481845.18 rows=24156 width=16) (actual time=8008.499..29345.564 rows=24109 loops=1)
                           Hash Cond: (lineitem.l_orderkey = orders.o_orderkey)
                           Buffers: shared hit=1110967 read=288709 dirtied=280 written=465
                           ->  Hash Join  (cost=27962.61..1952384.80 rows=398366 width=16) (actual time=220.432..21387.302 rows=397513 loops=1)
                                 Hash Cond: (lineitem.l_partkey = part.p_partkey)
                                 Buffers: shared hit=987137 read=106717 written=44
                                 ->  Seq Scan on lineitem  (cost=0.00..1691895.11 rows=60944911 width=20) (actual time=0.007..11382.734 rows=60044616 loops=1)
                                       Buffers: shared hit=986791 read=95655 written=5
                                 ->  Hash  (cost=27799.20..27799.20 rows=13073 width=4) (actual time=220.277..220.277 rows=13249 loops=1)
                                       Buckets: 16384  Batches: 1  Memory Usage: 594kB
                                       Buffers: shared hit=346 read=11062 written=39
                                       ->  Bitmap Heap Scan on part  (cost=405.74..27799.20 rows=13073 width=4) (actual time=6.969..215.197 rows=13249 loops=1)
                                             Recheck Cond: ((p_type)::text = 'PROMO ANODIZED BRASS'::text)
                                             Heap Blocks: exact=11325
                                             Buffers: shared hit=346 read=11062 written=39
                                             ->  Bitmap Index Scan on part_p_type_p_partkey_idx  (cost=0.00..402.48 rows=13073 width=0) (actual time=4.709..4.709 rows=13249 loops=1)
                                                   Index Cond: ((p_type)::text = 'PROMO ANODIZED BRASS'::text)
                                                   Buffers: shared read=83 written=3
                           ->  Hash  (cost=516173.54..516173.54 rows=924113 width=8) (actual time=7782.242..7782.242 rows=913241 loops=1)
                                 Buckets: 1048576  Batches: 1  Memory Usage: 43866kB
                                 Buffers: shared hit=123830 read=181992 dirtied=280 written=421
                                 ->  Hash Join  (cost=162976.78..516173.54 rows=924113 width=8) (actual time=2670.190..7493.134 rows=913241 loops=1)
                                       Hash Cond: (orders.o_custkey = customer.c_custkey)
                                       Buffers: shared hit=123830 read=181992 dirtied=280 written=421
                                       ->  Bitmap Heap Scan on orders  (cost=100321.25..426949.75 rows=4620567 width=12) (actual time=1593.119..4822.042 rows=4561743 loops=1)
                                             Recheck Cond: ((o_orderdate >= '1995-01-01'::date) AND (o_orderdate <= '1996-12-31'::date))
                                             Heap Blocks: exact=257320
                                             Buffers: shared hit=123826 read=146716 dirtied=280 written=333
                                             ->  Bitmap Index Scan on orders_o_orderdate_o_orderkey_idx  (cost=0.00..99166.10 rows=4620567 width=0) (actual time=1506.783..1506.783 rows=4630287 loops=1)
                                                   Index Cond: ((o_orderdate >= '1995-01-01'::date) AND (o_orderdate <= '1996-12-31'::date))
                                                   Buffers: shared read=13222 written=31
                                       ->  Hash  (cost=58905.53..58905.53 rows=300000 width=4) (actual time=1074.102..1074.102 rows=300270 loops=1)
                                             Buckets: 524288  Batches: 1  Memory Usage: 14653kB
                                             Buffers: shared hit=4 read=35276 written=88
                                             ->  Hash Join  (cost=2.53..58905.53 rows=300000 width=4) (actual time=0.090..985.144 rows=300270 loops=1)
                                                   Hash Cond: (customer.c_nationkey = n1.n_nationkey)
                                                   Buffers: shared hit=4 read=35276 written=88
                                                   ->  Seq Scan on customer  (cost=0.00..50278.00 rows=1500000 width=8) (actual time=0.007..723.492 rows=1500000 loops=1)
                                                         Buffers: shared hit=2 read=35276 written=88
                                                   ->  Hash  (cost=2.47..2.47 rows=5 width=4) (actual time=0.061..0.061 rows=5 loops=1)
                                                         Buckets: 1024  Batches: 1  Memory Usage: 9kB
                                                         Buffers: shared hit=2
                                                         ->  Hash Join  (cost=1.07..2.47 rows=5 width=4) (actual time=0.046..0.051 rows=5 loops=1)
                                                               Hash Cond: (n1.n_regionkey = region.r_regionkey)
                                                               Buffers: shared hit=2
                                                               ->  Seq Scan on nation n1  (cost=0.00..1.25 rows=25 width=8) (actual time=0.003..0.006 rows=25 loops=1)
                                                                     Buffers: shared hit=1
                                                               ->  Hash  (cost=1.06..1.06 rows=1 width=4) (actual time=0.030..0.030 rows=1 loops=1)
                                                                     Buckets: 1024  Batches: 1  Memory Usage: 9kB
                                                                     Buffers: shared hit=1
                                                                     ->  Seq Scan on region  (cost=0.00..1.06 rows=1 width=4) (actual time=0.018..0.019 rows=1 loops=1)
                                                                           Filter: (r_name = 'ASIA'::bpchar)
                                                                           Rows Removed by Filter: 4
                                                                           Buffers: shared hit=1
                     ->  Hash  (cost=3179.00..3179.00 rows=100000 width=8) (actual time=51.475..51.475 rows=100000 loops=1)
                           Buckets: 131072  Batches: 1  Memory Usage: 4931kB
                           Buffers: shared hit=2179
                           ->  Seq Scan on supplier  (cost=0.00..3179.00 rows=100000 width=8) (actual time=0.006..27.858 rows=100000 loops=1)
                                 Buffers: shared hit=2179
               ->  Hash  (cost=1.25..1.25 rows=25 width=30) (actual time=0.018..0.018 rows=25 loops=1)
                     Buckets: 1024  Batches: 1  Memory Usage: 10kB
                     Buffers: shared hit=1
                     ->  Seq Scan on nation n2  (cost=0.00..1.25 rows=25 width=30) (actual time=0.002..0.004 rows=25 loops=1)
                           Buffers: shared hit=1
 Planning time: 7.675 ms
 Execution time: 29502.379 ms
(79 rows)

COMMIT;
COMMIT
