BEGIN;
BEGIN
EXPLAIN (ANALYZE, BUFFERS)
select
	c_custkey,
	c_name,
	sum(l_extendedprice * (1 - l_discount)) as revenue,
	c_acctbal,
	n_name,
	c_address,
	c_phone,
	c_comment
from
	customer,
	orders,
	lineitem,
	nation
where
	c_custkey = o_custkey
	and l_orderkey = o_orderkey
	and o_orderdate >= date '1995-01-01'
	and o_orderdate < cast(date '1995-01-01' + interval '3 month' as date)
	and l_returnflag = 'R'
	and c_nationkey = n_nationkey
group by
	c_custkey,
	c_name,
	c_acctbal,
	c_phone,
	n_name,
	c_address,
	c_comment
order by
	revenue desc
LIMIT 20;
                                                                                                QUERY PLAN                                                                                                
----------------------------------------------------------------------------------------------------------------------------------------------------------------------------------------------------------
 Limit  (cost=1164039.55..1164039.60 rows=20 width=175) (actual time=19507.870..19507.876 rows=20 loops=1)
   Buffers: shared hit=1084742 read=364158 dirtied=1351 written=498
   ->  Sort  (cost=1164039.55..1165452.00 rows=564980 width=175) (actual time=19507.867..19507.872 rows=20 loops=1)
         Sort Key: (sum((lineitem.l_extendedprice * (1::double precision - lineitem.l_discount))))
         Sort Method: top-N heapsort  Memory: 30kB
         Buffers: shared hit=1084742 read=364158 dirtied=1351 written=498
         ->  HashAggregate  (cost=1143355.84..1149005.64 rows=564980 width=175) (actual time=19192.535..19381.349 rows=354879 loops=1)
               Group Key: customer.c_custkey, customer.c_name, customer.c_acctbal, customer.c_phone, nation.n_name, customer.c_address, customer.c_comment
               Buffers: shared hit=1084739 read=364158 dirtied=1351 written=498
               ->  Hash Join  (cost=354168.47..1129231.34 rows=564980 width=175) (actual time=5358.432..17753.334 rows=941735 loops=1)
                     Hash Cond: (customer.c_nationkey = nation.n_nationkey)
                     Buffers: shared hit=1084739 read=364158 dirtied=1351 written=498
                     ->  Hash Join  (cost=354166.90..1121461.30 rows=564980 width=153) (actual time=5358.393..17449.591 rows=941735 loops=1)
                           Hash Cond: (orders.o_custkey = customer.c_custkey)
                           Buffers: shared hit=1084738 read=364158 dirtied=1351 written=498
                           ->  Hash Join  (cost=285138.90..1043958.60 rows=564980 width=12) (actual time=3663.581..15165.259 rows=941735 loops=1)
                                 Hash Cond: (lineitem.l_orderkey = orders.o_orderkey)
                                 Buffers: shared hit=1084737 read=328881 dirtied=1351 written=473
                                 ->  Index Scan using lineitem_l_orderkey_idx_l_returnflag on lineitem  (cost=0.43..696618.06 rows=15080607 width=12) (actual time=0.061..8414.535 rows=14822310 loops=1)
                                       Buffers: shared hit=1082284 read=99420 dirtied=1124 written=421
                                 ->  Hash  (cost=278008.66..278008.66 rows=570385 width=8) (actual time=3658.159..3658.159 rows=562047 loops=1)
                                       Buckets: 1048576  Batches: 1  Memory Usage: 30147kB
                                       Buffers: shared hit=2453 read=229461 dirtied=227 written=52
                                       ->  Bitmap Heap Scan on orders  (cost=12386.88..278008.66 rows=570385 width=8) (actual time=275.929..3462.251 rows=562047 loops=1)
                                             Recheck Cond: ((o_orderdate >= '1995-01-01'::date) AND (o_orderdate < '1995-04-01'::date))
                                             Heap Blocks: exact=230283
                                             Buffers: shared hit=2453 read=229461 dirtied=227 written=52
                                             ->  Bitmap Index Scan on orders_o_orderdate_o_orderkey_idx  (cost=0.00..12244.28 rows=570385 width=0) (actual time=198.414..198.414 rows=569943 loops=1)
                                                   Index Cond: ((o_orderdate >= '1995-01-01'::date) AND (o_orderdate < '1995-04-01'::date))
                                                   Buffers: shared read=1631
                           ->  Hash  (cost=50278.00..50278.00 rows=1500000 width=145) (actual time=1683.786..1683.786 rows=1500000 loops=1)
                                 Buckets: 2097152  Batches: 1  Memory Usage: 281501kB
                                 Buffers: shared hit=1 read=35277 written=25
                                 ->  Seq Scan on customer  (cost=0.00..50278.00 rows=1500000 width=145) (actual time=0.011..854.109 rows=1500000 loops=1)
                                       Buffers: shared hit=1 read=35277 written=25
                     ->  Hash  (cost=1.25..1.25 rows=25 width=30) (actual time=0.022..0.022 rows=25 loops=1)
                           Buckets: 1024  Batches: 1  Memory Usage: 10kB
                           Buffers: shared hit=1
                           ->  Seq Scan on nation  (cost=0.00..1.25 rows=25 width=30) (actual time=0.005..0.009 rows=25 loops=1)
                                 Buffers: shared hit=1
 Planning time: 4.511 ms
 Execution time: 19521.427 ms
(42 rows)

COMMIT;
COMMIT
