BEGIN;
BEGIN
EXPLAIN (ANALYZE, BUFFERS)
select
	sum(l_extendedprice* (1 - l_discount)) as revenue
from
	lineitem,
	part
where
	(
		p_partkey = l_partkey
		and p_brand = 'Brand#53'
		and p_container in ('SM CASE', 'SM BOX', 'SM PACK', 'SM PKG')
		and l_quantity >= 4 and l_quantity <= 4+10
		and p_size between 1 and 5
		and l_shipmode in ('AIR', 'AIR REG')
		and l_shipinstruct = 'DELIVER IN PERSON'
	)
	or
	(
		p_partkey = l_partkey
		and p_brand = 'Brand#34'
		and p_container in ('MED BAG', 'MED BOX', 'MED PKG', 'MED PACK')
		and l_quantity >= 18 and l_quantity <= 18+10
		and p_size between 1 and 10
		and l_shipmode in ('AIR', 'AIR REG')
		and l_shipinstruct = 'DELIVER IN PERSON'
	)
	or
	(
		p_partkey = l_partkey
		and p_brand = 'Brand#45'
		and p_container in ('LG CASE', 'LG BOX', 'LG PACK', 'LG PKG')
		and l_quantity >= 28 and l_quantity <= 28+10
		and p_size between 1 and 15
		and l_shipmode in ('AIR', 'AIR REG')
		and l_shipinstruct = 'DELIVER IN PERSON'
	);
                                                                                                                                                                                                                                                                                                                                                                                          QUERY PLAN                                                                                                                                                                                                                                                                                                                                                                                          
----------------------------------------------------------------------------------------------------------------------------------------------------------------------------------------------------------------------------------------------------------------------------------------------------------------------------------------------------------------------------------------------------------------------------------------------------------------------------------------------------------------------------------------------------------------------------------------------------------------------------------------------------------------------------------------------------------------------------------------------------------------------------------------------
 Aggregate  (cost=2919920.93..2919920.94 rows=1 width=8) (actual time=25150.672..25150.672 rows=1 loops=1)
   Buffers: shared hit=864404 read=212992 written=368
   ->  Hash Join  (cost=39748.58..2919912.36 rows=1143 width=8) (actual time=272.402..25148.410 rows=1157 loops=1)
         Hash Cond: (lineitem.l_partkey = part.p_partkey)
         Join Filter: (((part.p_brand = 'Brand#53'::bpchar) AND (part.p_container = ANY ('{"SM CASE","SM BOX","SM PACK","SM PKG"}'::bpchar[])) AND (lineitem.l_quantity >= 4::double precision) AND (lineitem.l_quantity <= 14::double precision) AND (part.p_size <= 5)) OR ((part.p_brand = 'Brand#34'::bpchar) AND (part.p_container = ANY ('{"MED BAG","MED BOX","MED PKG","MED PACK"}'::bpchar[])) AND (lineitem.l_quantity >= 18::double precision) AND (lineitem.l_quantity <= 28::double precision) AND (part.p_size <= 10)) OR ((part.p_brand = 'Brand#45'::bpchar) AND (part.p_container = ANY ('{"LG CASE","LG BOX","LG PACK","LG PKG"}'::bpchar[])) AND (lineitem.l_quantity >= 28::double precision) AND (lineitem.l_quantity <= 38::double precision) AND (part.p_size <= 15)))
         Rows Removed by Join Filter: 2185
         Buffers: shared hit=864404 read=212992 written=368
         ->  Seq Scan on lineitem  (cost=0.00..2875759.88 rows=1134408 width=16) (actual time=0.027..24530.639 rows=1371342 loops=1)
               Filter: ((l_shipmode = ANY ('{AIR,"AIR REG"}'::bpchar[])) AND (l_shipinstruct = 'DELIVER IN PERSON'::bpchar) AND (((l_quantity >= 4::double precision) AND (l_quantity <= 14::double precision)) OR ((l_quantity >= 18::double precision) AND (l_quantity <= 28::double precision)) OR ((l_quantity >= 28::double precision) AND (l_quantity <= 38::double precision))))
               Rows Removed by Filter: 58614311
               Buffers: shared hit=862700 read=206718 written=5
         ->  Hash  (cost=39688.51..39688.51 rows=4805 width=30) (actual time=270.964..270.964 rows=4793 loops=1)
               Buckets: 8192  Batches: 1  Memory Usage: 364kB
               Buffers: shared hit=1701 read=6274 written=363
               ->  Bitmap Heap Scan on part  (cost=25883.03..39688.51 rows=4805 width=30) (actual time=209.653..269.113 rows=4793 loops=1)
                     Recheck Cond: (((p_container = ANY ('{"SM CASE","SM BOX","SM PACK","SM PKG"}'::bpchar[])) AND (p_brand = 'Brand#53'::bpchar) AND (p_size <= 5) AND (p_size >= 1)) OR ((p_container = ANY ('{"MED BAG","MED BOX","MED PKG","MED PACK"}'::bpchar[])) AND (p_brand = 'Brand#34'::bpchar) AND (p_size <= 10) AND (p_size >= 1)) OR ((p_container = ANY ('{"LG CASE","LG BOX","LG PACK","LG PKG"}'::bpchar[])) AND (p_brand = 'Brand#45'::bpchar) AND (p_size <= 15) AND (p_size >= 1)))
                     Heap Blocks: exact=4513
                     Buffers: shared hit=1701 read=6274 written=363
                     ->  BitmapOr  (cost=25883.03..25883.03 rows=4809 width=0) (actual time=208.807..208.807 rows=0 loops=1)
                           Buffers: shared hit=1653 read=1809 written=96
                           ->  BitmapAnd  (cost=4459.20..4459.20 rows=809 width=0) (actual time=41.668..41.668 rows=0 loops=1)
                                 Buffers: shared hit=3 read=605 written=27
                                 ->  Bitmap Index Scan on part_p_container_p_brand_p_partkey_idx  (cost=0.00..291.19 rows=8148 width=0) (actual time=3.069..3.069 rows=7987 loops=1)
                                       Index Cond: ((p_container = ANY ('{"SM CASE","SM BOX","SM PACK","SM PKG"}'::bpchar[])) AND (p_brand = 'Brand#53'::bpchar))
                                       Buffers: shared hit=3 read=57 written=3
                                 ->  Bitmap Index Scan on part_p_size_idx  (cost=0.00..4165.36 rows=198493 width=0) (actual time=36.756..36.756 rows=199678 loops=1)
                                       Index Cond: ((p_size <= 5) AND (p_size >= 1))
                                       Buffers: shared read=548 written=24
                           ->  BitmapAnd  (cost=8632.38..8632.38 rows=1608 width=0) (actual time=69.303..69.303 rows=0 loops=1)
                                 Buffers: shared hit=552 read=603 written=39
                                 ->  Bitmap Index Scan on part_p_container_p_brand_p_partkey_idx  (cost=0.00..290.63 rows=8093 width=0) (actual time=2.866..2.866 rows=7954 loops=1)
                                       Index Cond: ((p_container = ANY ('{"MED BAG","MED BOX","MED PKG","MED PACK"}'::bpchar[])) AND (p_brand = 'Brand#34'::bpchar))
                                       Buffers: shared hit=4 read=57 written=3
                                 ->  Bitmap Index Scan on part_p_size_idx  (cost=0.00..8339.10 rows=397467 width=0) (actual time=64.676..64.676 rows=399409 loops=1)
                                       Index Cond: ((p_size <= 10) AND (p_size >= 1))
                                       Buffers: shared hit=548 read=546 written=36
                           ->  BitmapAnd  (cost=12790.94..12790.94 rows=2392 width=0) (actual time=97.117..97.117 rows=0 loops=1)
                                 Buffers: shared hit=1098 read=601 written=30
                                 ->  Bitmap Index Scan on part_p_container_p_brand_p_partkey_idx  (cost=0.00..289.99 rows=8028 width=0) (actual time=2.827..2.827 rows=7959 loops=1)
                                       Index Cond: ((p_container = ANY ('{"LG CASE","LG BOX","LG PACK","LG PKG"}'::bpchar[])) AND (p_brand = 'Brand#45'::bpchar))
                                       Buffers: shared hit=4 read=57 written=2
                                 ->  Bitmap Index Scan on part_p_size_idx  (cost=0.00..12498.30 rows=595787 width=0) (actual time=92.528..92.528 rows=598661 loops=1)
                                       Index Cond: ((p_size <= 15) AND (p_size >= 1))
                                       Buffers: shared hit=1094 read=544 written=28
 Planning time: 3.491 ms
 Execution time: 25151.032 ms
(46 rows)

COMMIT;
COMMIT
