BEGIN;
BEGIN
EXPLAIN (ANALYZE, BUFFERS)
select
	s_name,
	count(*) as numwait
from
	supplier,
	lineitem l1,
	orders,
	nation
where
	s_suppkey = l1.l_suppkey
	and o_orderkey = l1.l_orderkey
	and o_orderstatus = 'F'
	and l1.l_receiptdate > l1.l_commitdate
	and exists (
		select
			*
		from
			lineitem l2
		where
			l2.l_orderkey = l1.l_orderkey
			and l2.l_suppkey <> l1.l_suppkey
	)
	and not exists (
		select
			*
		from
			lineitem l3
		where
			l3.l_orderkey = l1.l_orderkey
			and l3.l_suppkey <> l1.l_suppkey
			and l3.l_receiptdate > l3.l_commitdate
	)
	and s_nationkey = n_nationkey
	and n_name = 'IRAQ'
group by
	s_name
order by
	numwait desc,
	s_name
LIMIT 100;
                                                                                                    QUERY PLAN                                                                                                    
------------------------------------------------------------------------------------------------------------------------------------------------------------------------------------------------------------------
 Limit  (cost=5403211.49..5403211.49 rows=1 width=26) (actual time=65883.074..65883.091 rows=100 loops=1)
   Buffers: shared hit=2714011 read=1473522 dirtied=273 written=6484
   ->  Sort  (cost=5403211.49..5403211.49 rows=1 width=26) (actual time=65883.071..65883.077 rows=100 loops=1)
         Sort Key: (count(*)), supplier.s_name
         Sort Method: top-N heapsort  Memory: 32kB
         Buffers: shared hit=2714011 read=1473522 dirtied=273 written=6484
         ->  HashAggregate  (cost=5403211.47..5403211.48 rows=1 width=26) (actual time=65880.877..65881.984 rows=4095 loops=1)
               Group Key: supplier.s_name
               Buffers: shared hit=2714003 read=1473522 dirtied=273 written=6484
               ->  Merge Semi Join  (cost=1595493.61..5403211.46 rows=1 width=26) (actual time=27628.028..65823.080 rows=40955 loops=1)
                     Merge Cond: (orders.o_orderkey = l2.l_orderkey)
                     Join Filter: (l2.l_suppkey <> l1.l_suppkey)
                     Rows Removed by Join Filter: 43308
                     Buffers: shared hit=2714003 read=1473522 dirtied=273 written=6484
                     ->  Merge Anti Join  (cost=1595481.11..2603016.15 rows=390590 width=38) (actual time=27627.921..47686.713 rows=68357 loops=1)
                           Merge Cond: (l1.l_orderkey = l3.l_orderkey)
                           Join Filter: (l3.l_suppkey <> l1.l_suppkey)
                           Rows Removed by Join Filter: 275232
                           Buffers: shared hit=1484544 read=1309199 dirtied=272 written=5578
                           ->  Sort  (cost=1595480.54..1596457.02 rows=390590 width=38) (actual time=27627.788..27738.985 rows=752178 loops=1)
                                 Sort Key: l1.l_orderkey
                                 Sort Method: quicksort  Memory: 83340kB
                                 Buffers: shared hit=1092187 read=429715 written=3427
                                 ->  Hash Join  (cost=536861.19..1559203.92 rows=390590 width=38) (actual time=7023.927..27360.552 rows=752178 loops=1)
                                       Hash Cond: (l1.l_orderkey = orders.o_orderkey)
                                       Buffers: shared hit=1092184 read=429715 written=3427
                                       ->  Hash Join  (cost=3645.89..1013066.83 rows=801413 width=34) (actual time=34.128..19539.772 rows=1555822 loops=1)
                                             Hash Cond: (l1.l_suppkey = supplier.s_suppkey)
                                             Buffers: shared hit=1076368 read=191756 written=3403
                                             ->  Index Scan using lineitem_l_orderkey_idx_part1 on lineitem l1  (cost=0.56..926274.88 rows=20035332 width=8) (actual time=0.012..13115.850 rows=37966905 loops=1)
                                                   Buffers: shared hit=1074185 read=191756 written=3403
                                             ->  Hash  (cost=3595.32..3595.32 rows=4000 width=30) (actual time=34.054..34.054 rows=4095 loops=1)
                                                   Buckets: 4096  Batches: 1  Memory Usage: 288kB
                                                   Buffers: shared hit=2180
                                                   ->  Hash Join  (cost=1.32..3595.32 rows=4000 width=30) (actual time=0.036..33.101 rows=4095 loops=1)
                                                         Hash Cond: (supplier.s_nationkey = nation.n_nationkey)
                                                         Buffers: shared hit=2180
                                                         ->  Seq Scan on supplier  (cost=0.00..3179.00 rows=100000 width=34) (actual time=0.005..18.055 rows=100000 loops=1)
                                                               Buffers: shared hit=2179
                                                         ->  Hash  (cost=1.31..1.31 rows=1 width=4) (actual time=0.015..0.015 rows=1 loops=1)
                                                               Buckets: 1024  Batches: 1  Memory Usage: 9kB
                                                               Buffers: shared hit=1
                                                               ->  Seq Scan on nation  (cost=0.00..1.31 rows=1 width=4) (actual time=0.008..0.011 rows=1 loops=1)
                                                                     Filter: (n_name = 'IRAQ'::bpchar)
                                                                     Rows Removed by Filter: 24
                                                                     Buffers: shared hit=1
                                       ->  Hash  (cost=441649.60..441649.60 rows=7325256 width=4) (actual time=6957.263..6957.263 rows=7316684 loops=1)
                                             Buckets: 8388608  Batches: 1  Memory Usage: 322764kB
                                             Buffers: shared hit=15816 read=237959 written=24
                                             ->  Seq Scan on orders  (cost=0.00..441649.60 rows=7325256 width=4) (actual time=0.021..4902.163 rows=7316684 loops=1)
                                                   Filter: (o_orderstatus = 'F'::bpchar)
                                                   Rows Removed by Filter: 7698316
                                                   Buffers: shared hit=15816 read=237959 written=24
                           ->  Index Scan using lineitem_l_orderkey_idx_part1 on lineitem l3  (cost=0.56..926274.88 rows=20035332 width=8) (actual time=0.049..15845.867 rows=37985715 loops=1)
                                 Buffers: shared hit=392357 read=879484 dirtied=272 written=2151
                     ->  Index Scan using lineitem_l_orderkey_idx on lineitem l2  (cost=0.56..2629443.52 rows=60105997 width=8) (actual time=0.047..12416.461 rows=60042242 loops=1)
                           Buffers: shared hit=1229459 read=164323 dirtied=1 written=906
 Planning time: 8.591 ms
 Execution time: 65888.589 ms
(59 rows)

COMMIT;
COMMIT
