BEGIN;
BEGIN
EXPLAIN (ANALYZE, BUFFERS)
select
	o_year,
	sum(case
		when nation = 'JAPAN' then volume
		else 0
	end) / sum(volume) as mkt_share
from
	(
		select
			extract(year from o_orderdate) as o_year,
			l_extendedprice * (1 - l_discount) as volume,
			n2.n_name as nation
		from
			part,
			supplier,
			lineitem,
			orders,
			customer,
			nation n1,
			nation n2,
			region
		where
			p_partkey = l_partkey
			and s_suppkey = l_suppkey
			and l_orderkey = o_orderkey
			and o_custkey = c_custkey
			and c_nationkey = n1.n_nationkey
			and n1.n_regionkey = r_regionkey
			and r_name = 'ASIA'
			and s_nationkey = n2.n_nationkey
			and o_orderdate between date '1995-01-01' and date '1996-12-31'
			and p_type = 'ECONOMY ANODIZED COPPER'
	) as all_nations
group by
	o_year
order by
	o_year;
                                                                                                QUERY PLAN                                                                                                
----------------------------------------------------------------------------------------------------------------------------------------------------------------------------------------------------------
 Sort  (cost=2469645.04..2469646.87 rows=730 width=38) (actual time=28560.618..28560.618 rows=2 loops=1)
   Sort Key: (date_part('year'::text, (orders.o_orderdate)::timestamp without time zone))
   Sort Method: quicksort  Memory: 25kB
   Buffers: shared hit=959157 read=432321 dirtied=254 written=365
   ->  HashAggregate  (cost=2469597.55..2469610.33 rows=730 width=38) (actual time=28560.550..28560.551 rows=2 loops=1)
         Group Key: date_part('year'::text, (orders.o_orderdate)::timestamp without time zone)
         Buffers: shared hit=959154 read=432321 dirtied=254 written=365
         ->  Hash Join  (cost=557020.68..2469094.99 rows=25128 width=38) (actual time=7665.879..28519.847 rows=24881 loops=1)
               Hash Cond: (supplier.s_nationkey = n2.n_nationkey)
               Buffers: shared hit=959154 read=432321 dirtied=254 written=365
               ->  Hash Join  (cost=557019.12..2468622.28 rows=25128 width=16) (actual time=7665.819..28483.790 rows=24881 loops=1)
                     Hash Cond: (lineitem.l_suppkey = supplier.s_suppkey)
                     Buffers: shared hit=959150 read=432321 dirtied=254 written=365
                     ->  Hash Join  (cost=552590.12..2463847.77 rows=25128 width=16) (actual time=7613.624..28406.818 rows=24881 loops=1)
                           Hash Cond: (lineitem.l_orderkey = orders.o_orderkey)
                           Buffers: shared hit=956971 read=432321 dirtied=254 written=365
                           ->  Hash Join  (cost=28744.29..1938196.67 rows=414395 width=16) (actual time=146.510..20763.580 rows=411292 loops=1)
                                 Hash Cond: (lineitem.l_partkey = part.p_partkey)
                                 Buffers: shared hit=904093 read=181566 written=5
                                 ->  Seq Scan on lineitem  (cost=0.00..1678565.59 rows=60464759 width=20) (actual time=0.007..11029.170 rows=60044664 loops=1)
                                       Buffers: shared hit=903521 read=170397 written=4
                                 ->  Hash  (cost=28572.95..28572.95 rows=13707 width=4) (actual time=146.325..146.325 rows=13678 loops=1)
                                       Buckets: 16384  Batches: 1  Memory Usage: 609kB
                                       Buffers: shared hit=572 read=11169 written=1
                                       ->  Bitmap Heap Scan on part  (cost=422.66..28572.95 rows=13707 width=4) (actual time=6.305..141.149 rows=13678 loops=1)
                                             Recheck Cond: ((p_type)::text = 'ECONOMY ANODIZED COPPER'::text)
                                             Heap Blocks: exact=11655
                                             Buffers: shared hit=572 read=11169 written=1
                                             ->  Bitmap Index Scan on part_p_type_p_partkey_idx  (cost=0.00..419.23 rows=13707 width=0) (actual time=4.094..4.094 rows=13678 loops=1)
                                                   Index Cond: ((p_type)::text = 'ECONOMY ANODIZED COPPER'::text)
                                                   Buffers: shared read=86
                           ->  Hash  (cost=512385.32..512385.32 rows=916841 width=8) (actual time=7462.309..7462.309 rows=913327 loops=1)
                                 Buckets: 1048576  Batches: 1  Memory Usage: 43869kB
                                 Buffers: shared hit=52878 read=250755 dirtied=254 written=360
                                 ->  Hash Join  (cost=161968.07..512385.32 rows=916841 width=8) (actual time=2072.011..7171.964 rows=913327 loops=1)
                                       Hash Cond: (orders.o_custkey = customer.c_custkey)
                                       Buffers: shared hit=52878 read=250755 dirtied=254 written=360
                                       ->  Bitmap Heap Scan on orders  (cost=99312.54..423370.61 rows=4584205 width=12) (actual time=1441.031..4947.891 rows=4561656 loops=1)
                                             Recheck Cond: ((o_orderdate >= '1995-01-01'::date) AND (o_orderdate <= '1996-12-31'::date))
                                             Heap Blocks: exact=255295
                                             Buffers: shared hit=17598 read=250755 dirtied=254 written=360
                                             ->  Bitmap Index Scan on orders_o_orderdate_o_orderkey_idx  (cost=0.00..98166.49 rows=4584205 width=0) (actual time=1357.375..1357.375 rows=4593594 loops=1)
                                                   Index Cond: ((o_orderdate >= '1995-01-01'::date) AND (o_orderdate <= '1996-12-31'::date))
                                                   Buffers: shared read=13058 written=15
                                       ->  Hash  (cost=58905.53..58905.53 rows=300000 width=4) (actual time=628.718..628.718 rows=300270 loops=1)
                                             Buckets: 524288  Batches: 1  Memory Usage: 14653kB
                                             Buffers: shared hit=35280
                                             ->  Hash Join  (cost=2.53..58905.53 rows=300000 width=4) (actual time=0.083..548.084 rows=300270 loops=1)
                                                   Hash Cond: (customer.c_nationkey = n1.n_nationkey)
                                                   Buffers: shared hit=35280
                                                   ->  Seq Scan on customer  (cost=0.00..50278.00 rows=1500000 width=8) (actual time=0.010..280.400 rows=1500000 loops=1)
                                                         Buffers: shared hit=35278
                                                   ->  Hash  (cost=2.47..2.47 rows=5 width=4) (actual time=0.057..0.057 rows=5 loops=1)
                                                         Buckets: 1024  Batches: 1  Memory Usage: 9kB
                                                         Buffers: shared hit=2
                                                         ->  Hash Join  (cost=1.07..2.47 rows=5 width=4) (actual time=0.044..0.047 rows=5 loops=1)
                                                               Hash Cond: (n1.n_regionkey = region.r_regionkey)
                                                               Buffers: shared hit=2
                                                               ->  Seq Scan on nation n1  (cost=0.00..1.25 rows=25 width=8) (actual time=0.004..0.005 rows=25 loops=1)
                                                                     Buffers: shared hit=1
                                                               ->  Hash  (cost=1.06..1.06 rows=1 width=4) (actual time=0.029..0.029 rows=1 loops=1)
                                                                     Buckets: 1024  Batches: 1  Memory Usage: 9kB
                                                                     Buffers: shared hit=1
                                                                     ->  Seq Scan on region  (cost=0.00..1.06 rows=1 width=4) (actual time=0.017..0.018 rows=1 loops=1)
                                                                           Filter: (r_name = 'ASIA'::bpchar)
                                                                           Rows Removed by Filter: 4
                                                                           Buffers: shared hit=1
                     ->  Hash  (cost=3179.00..3179.00 rows=100000 width=8) (actual time=51.609..51.609 rows=100000 loops=1)
                           Buckets: 131072  Batches: 1  Memory Usage: 4931kB
                           Buffers: shared hit=2179
                           ->  Seq Scan on supplier  (cost=0.00..3179.00 rows=100000 width=8) (actual time=0.007..28.543 rows=100000 loops=1)
                                 Buffers: shared hit=2179
               ->  Hash  (cost=1.25..1.25 rows=25 width=30) (actual time=0.019..0.019 rows=25 loops=1)
                     Buckets: 1024  Batches: 1  Memory Usage: 10kB
                     Buffers: shared hit=1
                     ->  Seq Scan on nation n2  (cost=0.00..1.25 rows=25 width=30) (actual time=0.003..0.009 rows=25 loops=1)
                           Buffers: shared hit=1
 Planning time: 6.441 ms
 Execution time: 28563.155 ms
(79 rows)

COMMIT;
COMMIT
