BEGIN;
BEGIN
EXPLAIN (ANALYZE, BUFFERS)
select
	s_name,
	count(*) as numwait
from
	supplier,
	lineitem l1,
	orders,
	nation
where
	s_suppkey = l1.l_suppkey
	and o_orderkey = l1.l_orderkey
	and o_orderstatus = 'F'
	and l1.l_receiptdate > l1.l_commitdate
	and exists (
		select
			*
		from
			lineitem l2
		where
			l2.l_orderkey = l1.l_orderkey
			and l2.l_suppkey <> l1.l_suppkey
	)
	and not exists (
		select
			*
		from
			lineitem l3
		where
			l3.l_orderkey = l1.l_orderkey
			and l3.l_suppkey <> l1.l_suppkey
			and l3.l_receiptdate > l3.l_commitdate
	)
	and s_nationkey = n_nationkey
	and n_name = 'RUSSIA'
group by
	s_name
order by
	numwait desc,
	s_name
LIMIT 100;
                                                                                                    QUERY PLAN                                                                                                    
------------------------------------------------------------------------------------------------------------------------------------------------------------------------------------------------------------------
 Limit  (cost=5494981.02..5494981.03 rows=1 width=26) (actual time=70302.203..70302.220 rows=100 loops=1)
   Buffers: shared hit=3730704 read=653115 dirtied=2656 written=11109
   ->  Sort  (cost=5494981.02..5494981.03 rows=1 width=26) (actual time=70302.201..70302.206 rows=100 loops=1)
         Sort Key: (count(*)), supplier.s_name
         Sort Method: top-N heapsort  Memory: 32kB
         Buffers: shared hit=3730704 read=653115 dirtied=2656 written=11109
         ->  HashAggregate  (cost=5494981.00..5494981.01 rows=1 width=26) (actual time=70300.142..70301.206 rows=4021 loops=1)
               Group Key: supplier.s_name
               Buffers: shared hit=3730696 read=653115 dirtied=2656 written=11109
               ->  Merge Semi Join  (cost=1619783.29..5494981.00 rows=1 width=26) (actual time=29907.175..70244.603 rows=39419 loops=1)
                     Merge Cond: (orders.o_orderkey = l2.l_orderkey)
                     Join Filter: (l2.l_suppkey <> l1.l_suppkey)
                     Rows Removed by Join Filter: 42499
                     Buffers: shared hit=3730696 read=653115 dirtied=2656 written=11109
                     ->  Merge Anti Join  (cost=1619770.57..2643242.22 rows=396592 width=38) (actual time=29905.875..50228.229 rows=66318 loops=1)
                           Merge Cond: (l1.l_orderkey = l3.l_orderkey)
                           Join Filter: (l3.l_suppkey <> l1.l_suppkey)
                           Rows Removed by Join Filter: 267704
                           Buffers: shared hit=2434797 read=480919 dirtied=793 written=8888
                           ->  Sort  (cost=1619770.01..1620761.49 rows=396592 width=38) (actual time=29905.649..30014.217 rows=736392 loops=1)
                                 Sort Key: l1.l_orderkey
                                 Sort Method: quicksort  Memory: 82107kB
                                 Buffers: shared hit=1321332 read=270988 dirtied=493 written=5725
                                 ->  Hash Join  (cost=544841.30..1582892.31 rows=396592 width=38) (actual time=7058.384..29618.435 rows=736392 loops=1)
                                       Hash Cond: (l1.l_orderkey = orders.o_orderkey)
                                       Buffers: shared hit=1321329 read=270988 dirtied=493 written=5725
                                       ->  Hash Join  (cost=3645.89..1028576.52 rows=813729 width=34) (actual time=30.517..21787.307 rows=1525282 loops=1)
                                             Hash Cond: (l1.l_suppkey = supplier.s_suppkey)
                                             Buffers: shared hit=1115720 read=219024 dirtied=493 written=457
                                             ->  Index Scan using lineitem_l_orderkey_idx_part1 on lineitem l1  (cost=0.56..940506.84 rows=20343216 width=8) (actual time=0.048..15333.791 rows=37927710 loops=1)
                                                   Buffers: shared hit=1113537 read=219024 dirtied=493 written=457
                                             ->  Hash  (cost=3595.32..3595.32 rows=4000 width=30) (actual time=30.398..30.398 rows=4021 loops=1)
                                                   Buckets: 4096  Batches: 1  Memory Usage: 284kB
                                                   Buffers: shared hit=2180
                                                   ->  Hash Join  (cost=1.32..3595.32 rows=4000 width=30) (actual time=0.043..29.377 rows=4021 loops=1)
                                                         Hash Cond: (supplier.s_nationkey = nation.n_nationkey)
                                                         Buffers: shared hit=2180
                                                         ->  Seq Scan on supplier  (cost=0.00..3179.00 rows=100000 width=34) (actual time=0.005..14.687 rows=100000 loops=1)
                                                               Buffers: shared hit=2179
                                                         ->  Hash  (cost=1.31..1.31 rows=1 width=4) (actual time=0.017..0.017 rows=1 loops=1)
                                                               Buckets: 1024  Batches: 1  Memory Usage: 9kB
                                                               Buffers: shared hit=1
                                                               ->  Seq Scan on nation  (cost=0.00..1.31 rows=1 width=4) (actual time=0.011..0.012 rows=1 loops=1)
                                                                     Filter: (n_name = 'RUSSIA'::bpchar)
                                                                     Rows Removed by Filter: 24
                                                                     Buffers: shared hit=1
                                       ->  Hash  (cost=448259.34..448259.34 rows=7434886 width=4) (actual time=7002.264..7002.264 rows=7309402 loops=1)
                                             Buckets: 8388608  Batches: 1  Memory Usage: 322508kB
                                             Buffers: shared hit=205609 read=51964 written=5268
                                             ->  Seq Scan on orders  (cost=0.00..448259.34 rows=7434886 width=4) (actual time=0.023..5015.025 rows=7309402 loops=1)
                                                   Filter: (o_orderstatus = 'F'::bpchar)
                                                   Rows Removed by Filter: 7690598
                                                   Buffers: shared hit=205609 read=51964 written=5268
                           ->  Index Scan using lineitem_l_orderkey_idx_part1 on lineitem l3  (cost=0.56..940506.84 rows=20343216 width=8) (actual time=0.073..16119.678 rows=37945707 loops=1)
                                 Buffers: shared hit=1113465 read=209931 dirtied=300 written=3163
                     ->  Index Scan using lineitem_l_orderkey_idx on lineitem l2  (cost=0.56..2678355.27 rows=61029647 width=8) (actual time=0.050..14292.484 rows=59985280 loops=1)
                           Buffers: shared hit=1295899 read=172196 dirtied=1863 written=2221
 Planning time: 9.716 ms
 Execution time: 70308.612 ms
(59 rows)

COMMIT;
COMMIT
