BEGIN;
BEGIN
EXPLAIN (ANALYZE, BUFFERS)
select
	o_year,
	sum(case
		when nation = 'RUSSIA' then volume
		else 0
	end) / sum(volume) as mkt_share
from
	(
		select
			extract(year from o_orderdate) as o_year,
			l_extendedprice * (1 - l_discount) as volume,
			n2.n_name as nation
		from
			part,
			supplier,
			lineitem,
			orders,
			customer,
			nation n1,
			nation n2,
			region
		where
			p_partkey = l_partkey
			and s_suppkey = l_suppkey
			and l_orderkey = o_orderkey
			and o_custkey = c_custkey
			and c_nationkey = n1.n_nationkey
			and n1.n_regionkey = r_regionkey
			and r_name = 'EUROPE'
			and s_nationkey = n2.n_nationkey
			and o_orderdate between date '1995-01-01' and date '1996-12-31'
			and p_type = 'MEDIUM BURNISHED TIN'
	) as all_nations
group by
	o_year
order by
	o_year;
                                                                                                QUERY PLAN                                                                                                
----------------------------------------------------------------------------------------------------------------------------------------------------------------------------------------------------------
 Sort  (cost=2450111.65..2450113.48 rows=730 width=38) (actual time=30877.408..30877.409 rows=2 loops=1)
   Sort Key: (date_part('year'::text, (orders.o_orderdate)::timestamp without time zone))
   Sort Method: quicksort  Memory: 25kB
   Buffers: shared hit=1319450 read=61881 written=6
   ->  HashAggregate  (cost=2450064.16..2450076.93 rows=730 width=38) (actual time=30877.339..30877.341 rows=2 loops=1)
         Group Key: date_part('year'::text, (orders.o_orderdate)::timestamp without time zone)
         Buffers: shared hit=1319447 read=61881 written=6
         ->  Hash Join  (cost=551041.32..2449585.72 rows=23922 width=38) (actual time=8632.174..30834.445 rows=23902 loops=1)
               Hash Cond: (supplier.s_nationkey = n2.n_nationkey)
               Buffers: shared hit=1319447 read=61881 written=6
               ->  Hash Join  (cost=551039.76..2449135.62 rows=23922 width=16) (actual time=8632.104..30791.332 rows=23902 loops=1)
                     Hash Cond: (lineitem.l_suppkey = supplier.s_suppkey)
                     Buffers: shared hit=1319443 read=61881 written=6
                     ->  Hash Join  (cost=546610.76..2444377.69 rows=23922 width=16) (actual time=8572.889..30690.373 rows=23902 loops=1)
                           Hash Cond: (lineitem.l_orderkey = orders.o_orderkey)
                           Buffers: shared hit=1317264 read=61881 written=6
                           ->  Hash Join  (cost=28044.46..1924092.79 rows=394500 width=16) (actual time=178.384..22017.155 rows=397976 loops=1)
                                 Hash Cond: (lineitem.l_partkey = part.p_partkey)
                                 Buffers: shared hit=1016770 read=61118 written=6
                                 ->  Seq Scan on lineitem  (cost=0.00..1666931.97 rows=60045697 width=20) (actual time=0.027..11285.987 rows=59985329 loops=1)
                                       Buffers: shared hit=1014191 read=52284 written=6
                                 ->  Hash  (cost=27880.21..27880.21 rows=13140 width=4) (actual time=178.098..178.098 rows=13268 loops=1)
                                       Buckets: 16384  Batches: 1  Memory Usage: 595kB
                                       Buffers: shared hit=2579 read=8834
                                       ->  Bitmap Heap Scan on part  (cost=406.26..27880.21 rows=13140 width=4) (actual time=9.120..172.904 rows=13268 loops=1)
                                             Recheck Cond: ((p_type)::text = 'MEDIUM BURNISHED TIN'::text)
                                             Heap Blocks: exact=11330
                                             Buffers: shared hit=2579 read=8834
                                             ->  Bitmap Index Scan on part_p_type_p_partkey_idx  (cost=0.00..402.98 rows=13140 width=0) (actual time=6.711..6.711 rows=13268 loops=1)
                                                   Index Cond: ((p_type)::text = 'MEDIUM BURNISHED TIN'::text)
                                                   Buffers: shared hit=1 read=82
                           ->  Hash  (cost=507185.38..507185.38 rows=910474 width=8) (actual time=8387.715..8387.715 rows=913072 loops=1)
                                 Buckets: 1048576  Batches: 1  Memory Usage: 43859kB
                                 Buffers: shared hit=300494 read=763
                                 ->  Hash Join  (cost=159201.74..507185.38 rows=910474 width=8) (actual time=3385.983..8063.721 rows=913072 loops=1)
                                       Hash Cond: (orders.o_custkey = customer.c_custkey)
                                       Buffers: shared hit=300494 read=763
                                       ->  Bitmap Heap Scan on orders  (cost=96546.21..418353.73 rows=4552368 width=12) (actual time=2707.240..4688.299 rows=4557440 loops=1)
                                             Recheck Cond: ((o_orderdate >= '1995-01-01'::date) AND (o_orderdate <= '1996-12-31'::date))
                                             Heap Blocks: exact=253522
                                             Buffers: shared hit=265214 read=763
                                             ->  Bitmap Index Scan on orders_o_orderdate_o_orderkey_idx  (cost=0.00..95408.11 rows=4552368 width=0) (actual time=2576.281..2576.281 rows=4561961 loops=1)
                                                   Index Cond: ((o_orderdate >= '1995-01-01'::date) AND (o_orderdate <= '1996-12-31'::date))
                                                   Buffers: shared hit=11692 read=763
                                       ->  Hash  (cost=58905.53..58905.53 rows=300000 width=4) (actual time=675.256..675.256 rows=300963 loops=1)
                                             Buckets: 524288  Batches: 1  Memory Usage: 14677kB
                                             Buffers: shared hit=35280
                                             ->  Hash Join  (cost=2.53..58905.53 rows=300000 width=4) (actual time=0.092..592.376 rows=300963 loops=1)
                                                   Hash Cond: (customer.c_nationkey = n1.n_nationkey)
                                                   Buffers: shared hit=35280
                                                   ->  Seq Scan on customer  (cost=0.00..50278.00 rows=1500000 width=8) (actual time=0.008..316.233 rows=1500000 loops=1)
                                                         Buffers: shared hit=35278
                                                   ->  Hash  (cost=2.47..2.47 rows=5 width=4) (actual time=0.063..0.063 rows=5 loops=1)
                                                         Buckets: 1024  Batches: 1  Memory Usage: 9kB
                                                         Buffers: shared hit=2
                                                         ->  Hash Join  (cost=1.07..2.47 rows=5 width=4) (actual time=0.051..0.058 rows=5 loops=1)
                                                               Hash Cond: (n1.n_regionkey = region.r_regionkey)
                                                               Buffers: shared hit=2
                                                               ->  Seq Scan on nation n1  (cost=0.00..1.25 rows=25 width=8) (actual time=0.004..0.005 rows=25 loops=1)
                                                                     Buffers: shared hit=1
                                                               ->  Hash  (cost=1.06..1.06 rows=1 width=4) (actual time=0.030..0.030 rows=1 loops=1)
                                                                     Buckets: 1024  Batches: 1  Memory Usage: 9kB
                                                                     Buffers: shared hit=1
                                                                     ->  Seq Scan on region  (cost=0.00..1.06 rows=1 width=4) (actual time=0.020..0.021 rows=1 loops=1)
                                                                           Filter: (r_name = 'EUROPE'::bpchar)
                                                                           Rows Removed by Filter: 4
                                                                           Buffers: shared hit=1
                     ->  Hash  (cost=3179.00..3179.00 rows=100000 width=8) (actual time=58.492..58.492 rows=100000 loops=1)
                           Buckets: 131072  Batches: 1  Memory Usage: 4931kB
                           Buffers: shared hit=2179
                           ->  Seq Scan on supplier  (cost=0.00..3179.00 rows=100000 width=8) (actual time=0.007..32.423 rows=100000 loops=1)
                                 Buffers: shared hit=2179
               ->  Hash  (cost=1.25..1.25 rows=25 width=30) (actual time=0.021..0.021 rows=25 loops=1)
                     Buckets: 1024  Batches: 1  Memory Usage: 10kB
                     Buffers: shared hit=1
                     ->  Seq Scan on nation n2  (cost=0.00..1.25 rows=25 width=30) (actual time=0.005..0.010 rows=25 loops=1)
                           Buffers: shared hit=1
 Planning time: 5.602 ms
 Execution time: 30881.149 ms
(79 rows)

COMMIT;
COMMIT
