BEGIN;
BEGIN
EXPLAIN (ANALYZE, BUFFERS)
select
	c_custkey,
	c_name,
	sum(l_extendedprice * (1 - l_discount)) as revenue,
	c_acctbal,
	n_name,
	c_address,
	c_phone,
	c_comment
from
	customer,
	orders,
	lineitem,
	nation
where
	c_custkey = o_custkey
	and l_orderkey = o_orderkey
	and o_orderdate >= date '1994-09-01'
	and o_orderdate < cast(date '1994-09-01' + interval '3 month' as date)
	and l_returnflag = 'R'
	and c_nationkey = n_nationkey
group by
	c_custkey,
	c_name,
	c_acctbal,
	c_phone,
	n_name,
	c_address,
	c_comment
order by
	revenue desc
LIMIT 20;
                                                                                                QUERY PLAN                                                                                                
----------------------------------------------------------------------------------------------------------------------------------------------------------------------------------------------------------
 Limit  (cost=1167325.64..1167325.69 rows=20 width=175) (actual time=20646.517..20646.523 rows=20 loops=1)
   Buffers: shared hit=1057301 read=397789 dirtied=221 written=1499
   ->  Sort  (cost=1167325.64..1168759.66 rows=573610 width=175) (actual time=20646.514..20646.517 rows=20 loops=1)
         Sort Key: (sum((lineitem.l_extendedprice * (1::double precision - lineitem.l_discount))))
         Sort Method: top-N heapsort  Memory: 30kB
         Buffers: shared hit=1057301 read=397789 dirtied=221 written=1499
         ->  HashAggregate  (cost=1146325.98..1152062.08 rows=573610 width=175) (actual time=20314.904..20512.169 rows=378841 loops=1)
               Group Key: customer.c_custkey, customer.c_name, customer.c_acctbal, customer.c_phone, nation.n_name, customer.c_address, customer.c_comment
               Buffers: shared hit=1057298 read=397789 dirtied=221 written=1499
               ->  Hash Join  (cost=355104.34..1131985.73 rows=573610 width=175) (actual time=5314.411..18621.034 rows=1136845 loops=1)
                     Hash Cond: (customer.c_nationkey = nation.n_nationkey)
                     Buffers: shared hit=1057298 read=397789 dirtied=221 written=1499
                     ->  Hash Join  (cost=355102.78..1124097.03 rows=573610 width=153) (actual time=5314.376..18254.912 rows=1136845 loops=1)
                           Hash Cond: (orders.o_custkey = customer.c_custkey)
                           Buffers: shared hit=1057297 read=397789 dirtied=221 written=1499
                           ->  Hash Join  (cost=286074.78..1046464.88 rows=573610 width=12) (actual time=3647.383..15915.842 rows=1136845 loops=1)
                                 Hash Cond: (lineitem.l_orderkey = orders.o_orderkey)
                                 Buffers: shared hit=1057295 read=362513 dirtied=221 written=1370
                                 ->  Index Scan using lineitem_l_orderkey_idx_l_returnflag on lineitem  (cost=0.43..697990.61 rows=15110353 width=12) (actual time=0.051..9138.446 rows=14821903 loops=1)
                                       Buffers: shared hit=1051933 read=134573 dirtied=221 written=511
                                 ->  Hash  (cost=278835.63..278835.63 rows=579097 width=8) (actual time=3642.048..3642.048 rows=568363 loops=1)
                                       Buckets: 1048576  Batches: 1  Memory Usage: 30394kB
                                       Buffers: shared hit=5362 read=227940 written=859
                                       ->  Bitmap Heap Scan on orders  (cost=12576.18..278835.63 rows=579097 width=8) (actual time=263.315..3450.465 rows=568363 loops=1)
                                             Recheck Cond: ((o_orderdate >= '1994-09-01'::date) AND (o_orderdate < '1994-12-01'::date))
                                             Heap Blocks: exact=231652
                                             Buffers: shared hit=5362 read=227940 written=859
                                             ->  Bitmap Index Scan on orders_o_orderdate_o_orderkey_idx  (cost=0.00..12431.41 rows=579097 width=0) (actual time=187.681..187.681 rows=577436 loops=1)
                                                   Index Cond: ((o_orderdate >= '1994-09-01'::date) AND (o_orderdate < '1994-12-01'::date))
                                                   Buffers: shared read=1650 written=8
                           ->  Hash  (cost=50278.00..50278.00 rows=1500000 width=145) (actual time=1660.040..1660.040 rows=1500000 loops=1)
                                 Buckets: 2097152  Batches: 1  Memory Usage: 281501kB
                                 Buffers: shared hit=2 read=35276 written=129
                                 ->  Seq Scan on customer  (cost=0.00..50278.00 rows=1500000 width=145) (actual time=0.008..859.557 rows=1500000 loops=1)
                                       Buffers: shared hit=2 read=35276 written=129
                     ->  Hash  (cost=1.25..1.25 rows=25 width=30) (actual time=0.019..0.019 rows=25 loops=1)
                           Buckets: 1024  Batches: 1  Memory Usage: 10kB
                           Buffers: shared hit=1
                           ->  Seq Scan on nation  (cost=0.00..1.25 rows=25 width=30) (actual time=0.004..0.008 rows=25 loops=1)
                                 Buffers: shared hit=1
 Planning time: 4.480 ms
 Execution time: 20657.101 ms
(42 rows)

COMMIT;
COMMIT
