BEGIN;
BEGIN
EXPLAIN (ANALYZE, BUFFERS)
select
	s_name,
	count(*) as numwait
from
	supplier,
	lineitem l1,
	orders,
	nation
where
	s_suppkey = l1.l_suppkey
	and o_orderkey = l1.l_orderkey
	and o_orderstatus = 'F'
	and l1.l_receiptdate > l1.l_commitdate
	and exists (
		select
			*
		from
			lineitem l2
		where
			l2.l_orderkey = l1.l_orderkey
			and l2.l_suppkey <> l1.l_suppkey
	)
	and not exists (
		select
			*
		from
			lineitem l3
		where
			l3.l_orderkey = l1.l_orderkey
			and l3.l_suppkey <> l1.l_suppkey
			and l3.l_receiptdate > l3.l_commitdate
	)
	and s_nationkey = n_nationkey
	and n_name = 'IRAN'
group by
	s_name
order by
	numwait desc,
	s_name
LIMIT 100;
                                                                                                    QUERY PLAN                                                                                                    
------------------------------------------------------------------------------------------------------------------------------------------------------------------------------------------------------------------
 Limit  (cost=5397241.03..5397241.03 rows=1 width=26) (actual time=65840.589..65840.605 rows=100 loops=1)
   Buffers: shared hit=3868322 read=304668 dirtied=502 written=1222
   ->  Sort  (cost=5397241.03..5397241.03 rows=1 width=26) (actual time=65840.587..65840.593 rows=100 loops=1)
         Sort Key: (count(*)), supplier.s_name
         Sort Method: top-N heapsort  Memory: 32kB
         Buffers: shared hit=3868322 read=304668 dirtied=502 written=1222
         ->  HashAggregate  (cost=5397241.01..5397241.02 rows=1 width=26) (actual time=65837.326..65839.313 rows=4023 loops=1)
               Group Key: supplier.s_name
               Buffers: shared hit=3868314 read=304668 dirtied=502 written=1222
               ->  Merge Semi Join  (cost=1593897.65..5397241.00 rows=1 width=26) (actual time=30865.446..65773.158 rows=39932 loops=1)
                     Merge Cond: (orders.o_orderkey = l2.l_orderkey)
                     Join Filter: (l2.l_suppkey <> l1.l_suppkey)
                     Rows Removed by Join Filter: 42030
                     Buffers: shared hit=3868314 read=304668 dirtied=502 written=1222
                     ->  Merge Anti Join  (cost=1593885.16..2600380.63 rows=390198 width=38) (actual time=30862.866..48149.645 rows=66578 loops=1)
                           Merge Cond: (l1.l_orderkey = l3.l_orderkey)
                           Join Filter: (l3.l_suppkey <> l1.l_suppkey)
                           Rows Removed by Join Filter: 267453
                           Buffers: shared hit=2506977 read=275493 dirtied=343 written=1205
                           ->  Sort  (cost=1593884.59..1594860.09 rows=390198 width=38) (actual time=30862.311..30981.047 rows=735737 loops=1)
                                 Sort Key: l1.l_orderkey
                                 Sort Method: quicksort  Memory: 82056kB
                                 Buffers: shared hit=1420492 read=95986 written=1085
                                 ->  Hash Join  (cost=536329.60..1557647.20 rows=390198 width=38) (actual time=7505.420..30541.349 rows=735737 loops=1)
                                       Hash Cond: (l1.l_orderkey = orders.o_orderkey)
                                       Buffers: shared hit=1420489 read=95986 written=1085
                                       ->  Hash Join  (cost=3645.89..1012054.66 rows=800609 width=34) (actual time=58.811..22110.567 rows=1523003 loops=1)
                                             Hash Cond: (l1.l_suppkey = supplier.s_suppkey)
                                             Buffers: shared hit=1173795 read=89158 written=1085
                                             ->  Index Scan using lineitem_l_orderkey_idx_part1 on lineitem l1  (cost=0.56..925346.12 rows=20015232 width=8) (actual time=0.031..15413.706 rows=37928797 loops=1)
                                                   Buffers: shared hit=1171612 read=89158 written=1085
                                             ->  Hash  (cost=3595.32..3595.32 rows=4000 width=30) (actual time=58.711..58.711 rows=4023 loops=1)
                                                   Buckets: 4096  Batches: 1  Memory Usage: 284kB
                                                   Buffers: shared hit=2180
                                                   ->  Hash Join  (cost=1.32..3595.32 rows=4000 width=30) (actual time=0.066..56.837 rows=4023 loops=1)
                                                         Hash Cond: (supplier.s_nationkey = nation.n_nationkey)
                                                         Buffers: shared hit=2180
                                                         ->  Seq Scan on supplier  (cost=0.00..3179.00 rows=100000 width=34) (actual time=0.011..30.266 rows=100000 loops=1)
                                                               Buffers: shared hit=2179
                                                         ->  Hash  (cost=1.31..1.31 rows=1 width=4) (actual time=0.026..0.026 rows=1 loops=1)
                                                               Buckets: 1024  Batches: 1  Memory Usage: 9kB
                                                               Buffers: shared hit=1
                                                               ->  Seq Scan on nation  (cost=0.00..1.31 rows=1 width=4) (actual time=0.014..0.018 rows=1 loops=1)
                                                                     Filter: (n_name = 'IRAN'::bpchar)
                                                                     Rows Removed by Filter: 24
                                                                     Buffers: shared hit=1
                                       ->  Hash  (cost=441209.30..441209.30 rows=7317953 width=4) (actual time=7417.259..7417.259 rows=7309388 loops=1)
                                             Buckets: 8388608  Batches: 1  Memory Usage: 322507kB
                                             Buffers: shared hit=246694 read=6828
                                             ->  Seq Scan on orders  (cost=0.00..441209.30 rows=7317953 width=4) (actual time=0.026..5119.078 rows=7309388 loops=1)
                                                   Filter: (o_orderstatus = 'F'::bpchar)
                                                   Rows Removed by Filter: 7690612
                                                   Buffers: shared hit=246694 read=6828
                           ->  Index Scan using lineitem_l_orderkey_idx_part1 on lineitem l3  (cost=0.56..925346.12 rows=20015232 width=8) (actual time=0.024..13092.992 rows=37947034 loops=1)
                                 Buffers: shared hit=1086485 read=179507 dirtied=343 written=120
                     ->  Index Scan using lineitem_l_orderkey_idx on lineitem l2  (cost=0.56..2626280.02 rows=60045697 width=8) (actual time=0.017..11910.086 rows=59985227 loops=1)
                           Buffers: shared hit=1361337 read=29175 dirtied=159 written=17
 Planning time: 14.835 ms
 Execution time: 65849.276 ms
(59 rows)

COMMIT;
COMMIT
