BEGIN;
BEGIN
EXPLAIN (ANALYZE, BUFFERS)
select
	c_custkey,
	c_name,
	sum(l_extendedprice * (1 - l_discount)) as revenue,
	c_acctbal,
	n_name,
	c_address,
	c_phone,
	c_comment
from
	customer,
	orders,
	lineitem,
	nation
where
	c_custkey = o_custkey
	and l_orderkey = o_orderkey
	and o_orderdate >= date '1993-06-01'
	and o_orderdate < cast(date '1993-06-01' + interval '3 month' as date)
	and l_returnflag = 'R'
	and c_nationkey = n_nationkey
group by
	c_custkey,
	c_name,
	c_acctbal,
	c_phone,
	n_name,
	c_address,
	c_comment
order by
	revenue desc
LIMIT 20;
                                                                                                QUERY PLAN                                                                                                
----------------------------------------------------------------------------------------------------------------------------------------------------------------------------------------------------------
 Limit  (cost=1153227.24..1153227.29 rows=20 width=175) (actual time=20157.784..20157.790 rows=20 loops=1)
   Buffers: shared hit=956206 read=466944 written=16380
   ->  Sort  (cost=1153227.24..1154637.83 rows=564237 width=175) (actual time=20157.781..20157.784 rows=20 loops=1)
         Sort Key: (sum((lineitem.l_extendedprice * (1::double precision - lineitem.l_discount))))
         Sort Method: top-N heapsort  Memory: 30kB
         Buffers: shared hit=956206 read=466944 written=16380
         ->  HashAggregate  (cost=1132570.72..1138213.09 rows=564237 width=175) (actual time=19821.549..20022.034 rows=381224 loops=1)
               Group Key: customer.c_custkey, customer.c_name, customer.c_acctbal, customer.c_phone, nation.n_name, customer.c_address, customer.c_comment
               Buffers: shared hit=956203 read=466944 written=16380
               ->  Hash Join  (cost=351018.69..1118464.80 rows=564237 width=175) (actual time=4851.636..18099.589 rows=1146444 loops=1)
                     Hash Cond: (customer.c_nationkey = nation.n_nationkey)
                     Buffers: shared hit=956203 read=466944 written=16380
                     ->  Hash Join  (cost=351017.13..1110704.98 rows=564237 width=153) (actual time=4851.603..17725.968 rows=1146444 loops=1)
                           Hash Cond: (orders.o_custkey = customer.c_custkey)
                           Buffers: shared hit=956202 read=466944 written=16380
                           ->  Hash Join  (cost=281989.13..1033213.42 rows=564237 width=12) (actual time=3282.006..15475.557 rows=1146444 loops=1)
                                 Hash Cond: (lineitem.l_orderkey = orders.o_orderkey)
                                 Buffers: shared hit=956200 read=431668 written=12642
                                 ->  Index Scan using lineitem_l_orderkey_idx_l_returnflag on lineitem  (cost=0.43..689599.90 rows=14928655 width=12) (actual time=0.045..9056.852 rows=14808228 loops=1)
                                       Buffers: shared hit=952816 read=204595 written=237
                                 ->  Hash  (cost=274873.71..274873.71 rows=569199 width=8) (actual time=3278.211..3278.211 rows=573719 loops=1)
                                       Buckets: 1048576  Batches: 1  Memory Usage: 30603kB
                                       Buffers: shared hit=3384 read=227073 written=12405
                                       ->  Bitmap Heap Scan on orders  (cost=12054.72..274873.71 rows=569199 width=8) (actual time=251.965..3085.353 rows=573719 loops=1)
                                             Recheck Cond: ((o_orderdate >= '1993-06-01'::date) AND (o_orderdate < '1993-09-01'::date))
                                             Heap Blocks: exact=228883
                                             Buffers: shared hit=3384 read=227073 written=12405
                                             ->  Bitmap Index Scan on orders_o_orderdate_o_orderkey_idx  (cost=0.00..11912.42 rows=569199 width=0) (actual time=178.239..178.239 rows=576542 loops=1)
                                                   Index Cond: ((o_orderdate >= '1993-06-01'::date) AND (o_orderdate < '1993-09-01'::date))
                                                   Buffers: shared hit=105 read=1469 written=172
                           ->  Hash  (cost=50278.00..50278.00 rows=1500000 width=145) (actual time=1562.758..1562.758 rows=1500000 loops=1)
                                 Buckets: 2097152  Batches: 1  Memory Usage: 281501kB
                                 Buffers: shared hit=2 read=35276 written=3738
                                 ->  Seq Scan on customer  (cost=0.00..50278.00 rows=1500000 width=145) (actual time=0.007..766.282 rows=1500000 loops=1)
                                       Buffers: shared hit=2 read=35276 written=3738
                     ->  Hash  (cost=1.25..1.25 rows=25 width=30) (actual time=0.020..0.020 rows=25 loops=1)
                           Buckets: 1024  Batches: 1  Memory Usage: 10kB
                           Buffers: shared hit=1
                           ->  Seq Scan on nation  (cost=0.00..1.25 rows=25 width=30) (actual time=0.005..0.008 rows=25 loops=1)
                                 Buffers: shared hit=1
 Planning time: 3.671 ms
 Execution time: 20168.592 ms
(42 rows)

COMMIT;
COMMIT
