BEGIN;
BEGIN
EXPLAIN (ANALYZE, BUFFERS)
select
	c_custkey,
	c_name,
	sum(l_extendedprice * (1 - l_discount)) as revenue,
	c_acctbal,
	n_name,
	c_address,
	c_phone,
	c_comment
from
	customer,
	orders,
	lineitem,
	nation
where
	c_custkey = o_custkey
	and l_orderkey = o_orderkey
	and o_orderdate >= date '1994-08-01'
	and o_orderdate < cast(date '1994-08-01' + interval '3 month' as date)
	and l_returnflag = 'R'
	and c_nationkey = n_nationkey
group by
	c_custkey,
	c_name,
	c_acctbal,
	c_phone,
	n_name,
	c_address,
	c_comment
order by
	revenue desc
LIMIT 20;
                                                                                                QUERY PLAN                                                                                                
----------------------------------------------------------------------------------------------------------------------------------------------------------------------------------------------------------
 Limit  (cost=1151610.68..1151610.73 rows=20 width=175) (actual time=21563.684..21563.691 rows=20 loops=1)
   Buffers: shared hit=1097374 read=311603 dirtied=115 written=4192
   ->  Sort  (cost=1151610.68..1153052.97 rows=576916 width=175) (actual time=21563.679..21563.683 rows=20 loops=1)
         Sort Key: (sum((lineitem.l_extendedprice * (1::double precision - lineitem.l_discount))))
         Sort Method: top-N heapsort  Memory: 30kB
         Buffers: shared hit=1097374 read=311603 dirtied=115 written=4192
         ->  HashAggregate  (cost=1130489.99..1136259.15 rows=576916 width=175) (actual time=21209.525..21425.981 rows=381235 loops=1)
               Group Key: customer.c_custkey, customer.c_name, customer.c_acctbal, customer.c_phone, nation.n_name, customer.c_address, customer.c_comment
               Buffers: shared hit=1097371 read=311603 dirtied=115 written=4192
               ->  Hash Join  (cost=350923.32..1116067.09 rows=576916 width=175) (actual time=5284.738..19269.352 rows=1145412 loops=1)
                     Hash Cond: (customer.c_nationkey = nation.n_nationkey)
                     Buffers: shared hit=1097371 read=311603 dirtied=115 written=4192
                     ->  Hash Join  (cost=350921.75..1108132.93 rows=576916 width=153) (actual time=5284.696..18885.401 rows=1145412 loops=1)
                           Hash Cond: (orders.o_custkey = customer.c_custkey)
                           Buffers: shared hit=1097370 read=311603 dirtied=115 written=4192
                           ->  Hash Join  (cost=281893.75..1030451.19 rows=576916 width=12) (actual time=3887.896..16387.360 rows=1145412 loops=1)
                                 Hash Cond: (lineitem.l_orderkey = orders.o_orderkey)
                                 Buffers: shared hit=1063202 read=310493 dirtied=115 written=4192
                                 ->  Index Scan using lineitem_l_orderkey_idx_l_returnflag on lineitem  (cost=0.43..687016.02 rows=14872719 width=12) (actual time=0.058..7717.229 rows=14808323 loops=1)
                                       Buffers: shared hit=1025702 read=118046 dirtied=115 written=4192
                                 ->  Hash  (cost=274612.89..274612.89 rows=582434 width=8) (actual time=3884.065..3884.065 rows=573194 loops=1)
                                       Buckets: 1048576  Batches: 1  Memory Usage: 30583kB
                                       Buffers: shared hit=37500 read=192447
                                       ->  Bitmap Heap Scan on orders  (cost=12354.38..274612.89 rows=582434 width=8) (actual time=317.141..3671.443 rows=573194 loops=1)
                                             Recheck Cond: ((o_orderdate >= '1994-08-01'::date) AND (o_orderdate < '1994-11-01'::date))
                                             Heap Blocks: exact=228378
                                             Buffers: shared hit=37500 read=192447
                                             ->  Bitmap Index Scan on orders_o_orderdate_o_orderkey_idx  (cost=0.00..12208.77 rows=582434 width=0) (actual time=242.843..242.843 rows=573736 loops=1)
                                                   Index Cond: ((o_orderdate >= '1994-08-01'::date) AND (o_orderdate < '1994-11-01'::date))
                                                   Buffers: shared hit=1 read=1568
                           ->  Hash  (cost=50278.00..50278.00 rows=1500000 width=145) (actual time=1388.407..1388.407 rows=1500000 loops=1)
                                 Buckets: 2097152  Batches: 1  Memory Usage: 281501kB
                                 Buffers: shared hit=34168 read=1110
                                 ->  Seq Scan on customer  (cost=0.00..50278.00 rows=1500000 width=145) (actual time=0.017..568.968 rows=1500000 loops=1)
                                       Buffers: shared hit=34168 read=1110
                     ->  Hash  (cost=1.25..1.25 rows=25 width=30) (actual time=0.026..0.026 rows=25 loops=1)
                           Buckets: 1024  Batches: 1  Memory Usage: 10kB
                           Buffers: shared hit=1
                           ->  Seq Scan on nation  (cost=0.00..1.25 rows=25 width=30) (actual time=0.008..0.012 rows=25 loops=1)
                                 Buffers: shared hit=1
 Planning time: 2.963 ms
 Execution time: 21576.377 ms
(42 rows)

COMMIT;
COMMIT
