BEGIN;
BEGIN
EXPLAIN (ANALYZE, BUFFERS)
select
	s_name,
	count(*) as numwait
from
	supplier,
	lineitem l1,
	orders,
	nation
where
	s_suppkey = l1.l_suppkey
	and o_orderkey = l1.l_orderkey
	and o_orderstatus = 'F'
	and l1.l_receiptdate > l1.l_commitdate
	and exists (
		select
			*
		from
			lineitem l2
		where
			l2.l_orderkey = l1.l_orderkey
			and l2.l_suppkey <> l1.l_suppkey
	)
	and not exists (
		select
			*
		from
			lineitem l3
		where
			l3.l_orderkey = l1.l_orderkey
			and l3.l_suppkey <> l1.l_suppkey
			and l3.l_receiptdate > l3.l_commitdate
	)
	and s_nationkey = n_nationkey
	and n_name = 'KENYA'
group by
	s_name
order by
	numwait desc,
	s_name
LIMIT 100;
                                                                                                    QUERY PLAN                                                                                                    
------------------------------------------------------------------------------------------------------------------------------------------------------------------------------------------------------------------
 Limit  (cost=5474807.52..5474807.53 rows=1 width=26) (actual time=70771.660..70771.677 rows=100 loops=1)
   Buffers: shared hit=3530923 read=810171 dirtied=104 written=12589
   ->  Sort  (cost=5474807.52..5474807.53 rows=1 width=26) (actual time=70771.656..70771.661 rows=100 loops=1)
         Sort Key: (count(*)), supplier.s_name
         Sort Method: top-N heapsort  Memory: 32kB
         Buffers: shared hit=3530923 read=810171 dirtied=104 written=12589
         ->  HashAggregate  (cost=5474807.50..5474807.51 rows=1 width=26) (actual time=70768.314..70770.450 rows=4044 loops=1)
               Group Key: supplier.s_name
               Buffers: shared hit=3530915 read=810171 dirtied=104 written=12589
               ->  Merge Semi Join  (cost=1614575.48..5474807.50 rows=1 width=26) (actual time=31116.548..70707.354 rows=39702 loops=1)
                     Merge Cond: (orders.o_orderkey = l2.l_orderkey)
                     Join Filter: (l2.l_suppkey <> l1.l_suppkey)
                     Rows Removed by Join Filter: 42319
                     Buffers: shared hit=3530915 read=810171 dirtied=104 written=12589
                     ->  Merge Anti Join  (cost=1614562.81..2634504.98 rows=395263 width=38) (actual time=31115.488..50805.051 rows=66648 loops=1)
                           Merge Cond: (l1.l_orderkey = l3.l_orderkey)
                           Join Filter: (l3.l_suppkey <> l1.l_suppkey)
                           Rows Removed by Join Filter: 269797
                           Buffers: shared hit=2250641 read=641768 dirtied=50 written=9578
                           ->  Sort  (cost=1614562.25..1615550.41 rows=395263 width=38) (actual time=31114.405..31231.747 rows=742290 loops=1)
                                 Sort Key: l1.l_orderkey
                                 Sort Method: quicksort  Memory: 82568kB
                                 Buffers: shared hit=1132793 read=439963 written=5896
                                 ->  Hash Join  (cost=543244.43..1577817.71 rows=395263 width=38) (actual time=8402.257..30830.539 rows=742290 loops=1)
                                       Hash Cond: (l1.l_orderkey = orders.o_orderkey)
                                       Buffers: shared hit=1132790 read=439963 written=5896
                                       ->  Hash Join  (cost=3645.89..1025142.77 rows=811002 width=34) (actual time=35.083..21648.500 rows=1536651 loops=1)
                                             Hash Cond: (l1.l_suppkey = supplier.s_suppkey)
                                             Buffers: shared hit=1132789 read=183151 written=5711
                                             ->  Index Scan using lineitem_l_orderkey_idx_part1 on lineitem l1  (cost=0.56..937355.97 rows=20275052 width=8) (actual time=0.127..15191.447 rows=37966096 loops=1)
                                                   Buffers: shared hit=1130606 read=183151 written=5711
                                             ->  Hash  (cost=3595.32..3595.32 rows=4000 width=30) (actual time=34.912..34.912 rows=4044 loops=1)
                                                   Buckets: 4096  Batches: 1  Memory Usage: 285kB
                                                   Buffers: shared hit=2180
                                                   ->  Hash Join  (cost=1.32..3595.32 rows=4000 width=30) (actual time=0.033..33.874 rows=4044 loops=1)
                                                         Hash Cond: (supplier.s_nationkey = nation.n_nationkey)
                                                         Buffers: shared hit=2180
                                                         ->  Seq Scan on supplier  (cost=0.00..3179.00 rows=100000 width=34) (actual time=0.004..18.896 rows=100000 loops=1)
                                                               Buffers: shared hit=2179
                                                         ->  Hash  (cost=1.31..1.31 rows=1 width=4) (actual time=0.014..0.014 rows=1 loops=1)
                                                               Buckets: 1024  Batches: 1  Memory Usage: 9kB
                                                               Buffers: shared hit=1
                                                               ->  Seq Scan on nation  (cost=0.00..1.31 rows=1 width=4) (actual time=0.008..0.010 rows=1 loops=1)
                                                                     Filter: (n_name = 'KENYA'::bpchar)
                                                                     Rows Removed by Filter: 24
                                                                     Buffers: shared hit=1
                                       ->  Hash  (cost=446936.69..446936.69 rows=7412948 width=4) (actual time=8341.012..8341.012 rows=7316863 loops=1)
                                             Buckets: 8388608  Batches: 1  Memory Usage: 322770kB
                                             Buffers: shared hit=1 read=256812 written=185
                                             ->  Seq Scan on orders  (cost=0.00..446936.69 rows=7412948 width=4) (actual time=0.019..6331.761 rows=7316863 loops=1)
                                                   Filter: (o_orderstatus = 'F'::bpchar)
                                                   Rows Removed by Filter: 7698137
                                                   Buffers: shared hit=1 read=256812 written=185
                           ->  Index Scan using lineitem_l_orderkey_idx_part1 on lineitem l3  (cost=0.56..937355.97 rows=20275052 width=8) (actual time=0.090..15469.950 rows=37984704 loops=1)
                                 Buffers: shared hit=1117848 read=201805 dirtied=50 written=3682
                     ->  Index Scan using lineitem_l_orderkey_idx on lineitem l2  (cost=0.56..2667507.89 rows=60825155 width=8) (actual time=0.076..14166.452 rows=60044385 loops=1)
                           Buffers: shared hit=1280274 read=168403 dirtied=54 written=3011
 Planning time: 9.955 ms
 Execution time: 70778.112 ms
(59 rows)

COMMIT;
COMMIT
