BEGIN;
BEGIN
EXPLAIN (ANALYZE, BUFFERS)
select
	sum(l_extendedprice* (1 - l_discount)) as revenue
from
	lineitem,
	part
where
	(
		p_partkey = l_partkey
		and p_brand = 'Brand#15'
		and p_container in ('SM CASE', 'SM BOX', 'SM PACK', 'SM PKG')
		and l_quantity >= 9 and l_quantity <= 9+10
		and p_size between 1 and 5
		and l_shipmode in ('AIR', 'AIR REG')
		and l_shipinstruct = 'DELIVER IN PERSON'
	)
	or
	(
		p_partkey = l_partkey
		and p_brand = 'Brand#12'
		and p_container in ('MED BAG', 'MED BOX', 'MED PKG', 'MED PACK')
		and l_quantity >= 19 and l_quantity <= 19+10
		and p_size between 1 and 10
		and l_shipmode in ('AIR', 'AIR REG')
		and l_shipinstruct = 'DELIVER IN PERSON'
	)
	or
	(
		p_partkey = l_partkey
		and p_brand = 'Brand#45'
		and p_container in ('LG CASE', 'LG BOX', 'LG PACK', 'LG PKG')
		and l_quantity >= 24 and l_quantity <= 24+10
		and p_size between 1 and 15
		and l_shipmode in ('AIR', 'AIR REG')
		and l_shipinstruct = 'DELIVER IN PERSON'
	);
                                                                                                                                                                                                                                                                                                                                                                                          QUERY PLAN                                                                                                                                                                                                                                                                                                                                                                                          
----------------------------------------------------------------------------------------------------------------------------------------------------------------------------------------------------------------------------------------------------------------------------------------------------------------------------------------------------------------------------------------------------------------------------------------------------------------------------------------------------------------------------------------------------------------------------------------------------------------------------------------------------------------------------------------------------------------------------------------------------------------------------------------------
 Aggregate  (cost=2923414.96..2923414.97 rows=1 width=8) (actual time=24224.079..24224.079 rows=1 loops=1)
   Buffers: shared hit=885192 read=193554 dirtied=1 written=6
   ->  Hash Join  (cost=39698.66..2923406.45 rows=1134 width=8) (actual time=295.991..24222.624 rows=1147 loops=1)
         Hash Cond: (lineitem.l_partkey = part.p_partkey)
         Join Filter: (((part.p_brand = 'Brand#15'::bpchar) AND (part.p_container = ANY ('{"SM CASE","SM BOX","SM PACK","SM PKG"}'::bpchar[])) AND (lineitem.l_quantity >= 9::double precision) AND (lineitem.l_quantity <= 19::double precision) AND (part.p_size <= 5)) OR ((part.p_brand = 'Brand#12'::bpchar) AND (part.p_container = ANY ('{"MED BAG","MED BOX","MED PKG","MED PACK"}'::bpchar[])) AND (lineitem.l_quantity >= 19::double precision) AND (lineitem.l_quantity <= 29::double precision) AND (part.p_size <= 10)) OR ((part.p_brand = 'Brand#45'::bpchar) AND (part.p_container = ANY ('{"LG CASE","LG BOX","LG PACK","LG PKG"}'::bpchar[])) AND (lineitem.l_quantity >= 24::double precision) AND (lineitem.l_quantity <= 34::double precision) AND (part.p_size <= 15)))
         Rows Removed by Join Filter: 1555
         Buffers: shared hit=885192 read=193554 dirtied=1 written=6
         ->  Seq Scan on lineitem  (cost=0.00..2879314.87 rows=1131743 width=16) (actual time=0.022..23669.753 rows=1114999 loops=1)
               Filter: ((l_shipmode = ANY ('{AIR,"AIR REG"}'::bpchar[])) AND (l_shipinstruct = 'DELIVER IN PERSON'::bpchar) AND (((l_quantity >= 9::double precision) AND (l_quantity <= 19::double precision)) OR ((l_quantity >= 19::double precision) AND (l_quantity <= 29::double precision)) OR ((l_quantity >= 24::double precision) AND (l_quantity <= 34::double precision))))
               Rows Removed by Filter: 58931222
               Buffers: shared hit=883310 read=187430 dirtied=1 written=6
         ->  Hash  (cost=39638.86..39638.86 rows=4784 width=30) (actual time=261.760..261.760 rows=4812 loops=1)
               Buckets: 8192  Batches: 1  Memory Usage: 365kB
               Buffers: shared hit=1879 read=6124
               ->  Bitmap Heap Scan on part  (cost=25881.68..39638.86 rows=4784 width=30) (actual time=203.357..259.922 rows=4812 loops=1)
                     Recheck Cond: (((p_container = ANY ('{"SM CASE","SM BOX","SM PACK","SM PKG"}'::bpchar[])) AND (p_brand = 'Brand#15'::bpchar) AND (p_size <= 5) AND (p_size >= 1)) OR ((p_container = ANY ('{"MED BAG","MED BOX","MED PKG","MED PACK"}'::bpchar[])) AND (p_brand = 'Brand#12'::bpchar) AND (p_size <= 10) AND (p_size >= 1)) OR ((p_container = ANY ('{"LG CASE","LG BOX","LG PACK","LG PKG"}'::bpchar[])) AND (p_brand = 'Brand#45'::bpchar) AND (p_size <= 15) AND (p_size >= 1)))
                     Heap Blocks: exact=4541
                     Buffers: shared hit=1879 read=6124
                     ->  BitmapOr  (cost=25881.68..25881.68 rows=4788 width=0) (actual time=202.496..202.496 rows=0 loops=1)
                           Buffers: shared hit=1653 read=1809
                           ->  BitmapAnd  (cost=4458.63..4458.63 rows=803 width=0) (actual time=41.480..41.480 rows=0 loops=1)
                                 Buffers: shared hit=3 read=605
                                 ->  Bitmap Index Scan on part_p_container_p_brand_p_partkey_idx  (cost=0.00..290.63 rows=8093 width=0) (actual time=3.138..3.138 rows=8004 loops=1)
                                       Index Cond: ((p_container = ANY ('{"SM CASE","SM BOX","SM PACK","SM PKG"}'::bpchar[])) AND (p_brand = 'Brand#15'::bpchar))
                                       Buffers: shared hit=3 read=57
                                 ->  Bitmap Index Scan on part_p_size_idx  (cost=0.00..4165.36 rows=198493 width=0) (actual time=36.445..36.445 rows=199678 loops=1)
                                       Index Cond: ((p_size <= 5) AND (p_size >= 1))
                                       Buffers: shared read=548
                           ->  BitmapAnd  (cost=8631.61..8631.61 rows=1593 width=0) (actual time=67.312..67.312 rows=0 loops=1)
                                 Buffers: shared hit=552 read=603
                                 ->  Bitmap Index Scan on part_p_container_p_brand_p_partkey_idx  (cost=0.00..289.87 rows=8015 width=0) (actual time=2.917..2.917 rows=8112 loops=1)
                                       Index Cond: ((p_container = ANY ('{"MED BAG","MED BOX","MED PKG","MED PACK"}'::bpchar[])) AND (p_brand = 'Brand#12'::bpchar))
                                       Buffers: shared hit=4 read=57
                                 ->  Bitmap Index Scan on part_p_size_idx  (cost=0.00..8339.10 rows=397467 width=0) (actual time=62.464..62.464 rows=399409 loops=1)
                                       Index Cond: ((p_size <= 10) AND (p_size >= 1))
                                       Buffers: shared hit=548 read=546
                           ->  BitmapAnd  (cost=12790.93..12790.93 rows=2392 width=0) (actual time=93.004..93.004 rows=0 loops=1)
                                 Buffers: shared hit=1098 read=601
                                 ->  Bitmap Index Scan on part_p_container_p_brand_p_partkey_idx  (cost=0.00..289.99 rows=8028 width=0) (actual time=2.644..2.644 rows=7959 loops=1)
                                       Index Cond: ((p_container = ANY ('{"LG CASE","LG BOX","LG PACK","LG PKG"}'::bpchar[])) AND (p_brand = 'Brand#45'::bpchar))
                                       Buffers: shared hit=4 read=57
                                 ->  Bitmap Index Scan on part_p_size_idx  (cost=0.00..12498.30 rows=595787 width=0) (actual time=88.549..88.549 rows=598661 loops=1)
                                       Index Cond: ((p_size <= 15) AND (p_size >= 1))
                                       Buffers: shared hit=1094 read=544
 Planning time: 3.828 ms
 Execution time: 24224.445 ms
(46 rows)

COMMIT;
COMMIT
