BEGIN;
BEGIN
EXPLAIN (ANALYZE, BUFFERS)
select
	c_custkey,
	c_name,
	sum(l_extendedprice * (1 - l_discount)) as revenue,
	c_acctbal,
	n_name,
	c_address,
	c_phone,
	c_comment
from
	customer,
	orders,
	lineitem,
	nation
where
	c_custkey = o_custkey
	and l_orderkey = o_orderkey
	and o_orderdate >= date '1994-02-01'
	and o_orderdate < cast(date '1994-02-01' + interval '3 month' as date)
	and l_returnflag = 'R'
	and c_nationkey = n_nationkey
group by
	c_custkey,
	c_name,
	c_acctbal,
	c_phone,
	n_name,
	c_address,
	c_comment
order by
	revenue desc
LIMIT 20;
                                                                                                QUERY PLAN                                                                                                
----------------------------------------------------------------------------------------------------------------------------------------------------------------------------------------------------------
 Limit  (cost=1165777.09..1165777.14 rows=20 width=175) (actual time=19593.118..19593.126 rows=20 loops=1)
   Buffers: shared hit=1043904 read=409058 dirtied=341 written=14400
   ->  Sort  (cost=1165777.09..1167168.65 rows=556624 width=175) (actual time=19593.115..19593.117 rows=20 loops=1)
         Sort Key: (sum((lineitem.l_extendedprice * (1::double precision - lineitem.l_discount))))
         Sort Method: top-N heapsort  Memory: 30kB
         Buffers: shared hit=1043904 read=409058 dirtied=341 written=14400
         ->  HashAggregate  (cost=1145399.29..1150965.53 rows=556624 width=175) (actual time=19247.780..19452.960 rows=371850 loops=1)
               Group Key: customer.c_custkey, customer.c_name, customer.c_acctbal, customer.c_phone, nation.n_name, customer.c_address, customer.c_comment
               Buffers: shared hit=1043901 read=409058 dirtied=341 written=14400
               ->  Hash Join  (cost=354515.01..1131483.69 rows=556624 width=175) (actual time=5032.638..17553.659 rows=1109362 loops=1)
                     Hash Cond: (customer.c_nationkey = nation.n_nationkey)
                     Buffers: shared hit=1043901 read=409058 dirtied=341 written=14400
                     ->  Hash Join  (cost=354513.44..1123828.54 rows=556624 width=153) (actual time=5032.608..17189.351 rows=1109362 loops=1)
                           Hash Cond: (orders.o_custkey = customer.c_custkey)
                           Buffers: shared hit=1043900 read=409058 dirtied=341 written=14400
                           ->  Hash Join  (cost=285485.44..1046451.18 rows=556624 width=12) (actual time=3491.548..14967.211 rows=1109362 loops=1)
                                 Hash Cond: (lineitem.l_orderkey = orders.o_orderkey)
                                 Buffers: shared hit=1043898 read=373782 dirtied=341 written=14285
                                 ->  Index Scan using lineitem_l_orderkey_idx_l_returnflag on lineitem  (cost=0.43..698680.26 rows=15125247 width=12) (actual time=0.041..8279.318 rows=14807360 loops=1)
                                       Buffers: shared hit=1043897 read=142261 dirtied=116 written=3712
                                 ->  Hash  (cost=278460.65..278460.65 rows=561949 width=8) (actual time=3487.656..3487.656 rows=554145 loops=1)
                                       Buckets: 1048576  Batches: 1  Memory Usage: 29839kB
                                       Buffers: shared hit=1 read=231521 dirtied=225 written=10573
                                       ->  Bitmap Heap Scan on orders  (cost=12204.41..278460.65 rows=561949 width=8) (actual time=257.181..3299.042 rows=554145 loops=1)
                                             Recheck Cond: ((o_orderdate >= '1994-02-01'::date) AND (o_orderdate < '1994-05-01'::date))
                                             Heap Blocks: exact=229907
                                             Buffers: shared hit=1 read=231521 dirtied=225 written=10573
                                             ->  Bitmap Index Scan on orders_o_orderdate_o_orderkey_idx  (cost=0.00..12063.92 rows=561949 width=0) (actual time=181.747..181.747 rows=564204 loops=1)
                                                   Index Cond: ((o_orderdate >= '1994-02-01'::date) AND (o_orderdate < '1994-05-01'::date))
                                                   Buffers: shared read=1615 written=1
                           ->  Hash  (cost=50278.00..50278.00 rows=1500000 width=145) (actual time=1533.805..1533.805 rows=1500000 loops=1)
                                 Buckets: 2097152  Batches: 1  Memory Usage: 281501kB
                                 Buffers: shared hit=2 read=35276 written=115
                                 ->  Seq Scan on customer  (cost=0.00..50278.00 rows=1500000 width=145) (actual time=0.009..731.621 rows=1500000 loops=1)
                                       Buffers: shared hit=2 read=35276 written=115
                     ->  Hash  (cost=1.25..1.25 rows=25 width=30) (actual time=0.019..0.019 rows=25 loops=1)
                           Buckets: 1024  Batches: 1  Memory Usage: 10kB
                           Buffers: shared hit=1
                           ->  Seq Scan on nation  (cost=0.00..1.25 rows=25 width=30) (actual time=0.006..0.007 rows=25 loops=1)
                                 Buffers: shared hit=1
 Planning time: 3.891 ms
 Execution time: 19604.922 ms
(42 rows)

COMMIT;
COMMIT
