BEGIN;
BEGIN
EXPLAIN (ANALYZE, BUFFERS)
select
	o_year,
	sum(case
		when nation = 'ETHIOPIA' then volume
		else 0
	end) / sum(volume) as mkt_share
from
	(
		select
			extract(year from o_orderdate) as o_year,
			l_extendedprice * (1 - l_discount) as volume,
			n2.n_name as nation
		from
			part,
			supplier,
			lineitem,
			orders,
			customer,
			nation n1,
			nation n2,
			region
		where
			p_partkey = l_partkey
			and s_suppkey = l_suppkey
			and l_orderkey = o_orderkey
			and o_custkey = c_custkey
			and c_nationkey = n1.n_nationkey
			and n1.n_regionkey = r_regionkey
			and r_name = 'AFRICA'
			and s_nationkey = n2.n_nationkey
			and o_orderdate between date '1995-01-01' and date '1996-12-31'
			and p_type = 'MEDIUM POLISHED TIN'
	) as all_nations
group by
	o_year
order by
	o_year;
                                                                                                QUERY PLAN                                                                                                
----------------------------------------------------------------------------------------------------------------------------------------------------------------------------------------------------------
 Sort  (cost=2459806.23..2459808.05 rows=730 width=38) (actual time=27485.036..27485.037 rows=2 loops=1)
   Sort Key: (date_part('year'::text, (orders.o_orderdate)::timestamp without time zone))
   Sort Method: quicksort  Memory: 25kB
   Buffers: shared hit=899199 read=487491 dirtied=252 written=14
   ->  HashAggregate  (cost=2459758.74..2459771.51 rows=730 width=38) (actual time=27484.969..27484.971 rows=2 loops=1)
         Group Key: date_part('year'::text, (orders.o_orderdate)::timestamp without time zone)
         Buffers: shared hit=899196 read=487491 dirtied=252 written=14
         ->  Hash Join  (cost=553039.41..2459271.34 rows=24370 width=38) (actual time=7246.929..27446.188 rows=24117 loops=1)
               Hash Cond: (supplier.s_nationkey = n2.n_nationkey)
               Buffers: shared hit=899196 read=487491 dirtied=252 written=14
               ->  Hash Join  (cost=553037.84..2458812.84 rows=24370 width=16) (actual time=7246.863..27409.224 rows=24117 loops=1)
                     Hash Cond: (lineitem.l_suppkey = supplier.s_suppkey)
                     Buffers: shared hit=899192 read=487491 dirtied=252 written=14
                     ->  Hash Join  (cost=548608.84..2454048.75 rows=24370 width=16) (actual time=7192.671..27329.970 rows=24117 loops=1)
                           Hash Cond: (lineitem.l_orderkey = orders.o_orderkey)
                           Buffers: shared hit=897013 read=487491 dirtied=252 written=14
                           ->  Hash Join  (cost=28285.79..1931974.89 rows=401895 width=16) (actual time=42.941..20003.590 rows=398622 loops=1)
                                 Hash Cond: (lineitem.l_partkey = part.p_partkey)
                                 Buffers: shared hit=845471 read=236734 written=9
                                 ->  Seq Scan on lineitem  (cost=0.00..1673598.29 rows=60285829 width=20) (actual time=0.006..10118.499 rows=60046221 loops=1)
                                       Buffers: shared hit=835636 read=235104 written=9
                                 ->  Hash  (cost=28119.12..28119.12 rows=13333 width=4) (actual time=42.742..42.742 rows=13296 loops=1)
                                       Buckets: 16384  Batches: 1  Memory Usage: 596kB
                                       Buffers: shared hit=9835 read=1630
                                       ->  Bitmap Heap Scan on part  (cost=411.76..28119.12 rows=13333 width=4) (actual time=5.726..39.444 rows=13296 loops=1)
                                             Recheck Cond: ((p_type)::text = 'MEDIUM POLISHED TIN'::text)
                                             Heap Blocks: exact=11397
                                             Buffers: shared hit=9835 read=1630
                                             ->  Bitmap Index Scan on part_p_type_p_partkey_idx  (cost=0.00..408.43 rows=13333 width=0) (actual time=3.533..3.533 rows=13296 loops=1)
                                                   Index Cond: ((p_type)::text = 'MEDIUM POLISHED TIN'::text)
                                                   Buffers: shared read=68
                           ->  Hash  (cost=508896.71..508896.71 rows=914108 width=8) (actual time=7144.619..7144.619 rows=911915 loops=1)
                                 Buckets: 1048576  Batches: 1  Memory Usage: 43814kB
                                 Buffers: shared hit=51542 read=250757 dirtied=252 written=5
                                 ->  Hash Join  (cost=159524.00..508896.71 rows=914108 width=8) (actual time=2399.807..6852.083 rows=911915 loops=1)
                                       Hash Cond: (orders.o_custkey = customer.c_custkey)
                                       Buffers: shared hit=51542 read=250757 dirtied=252 written=5
                                       ->  Bitmap Heap Scan on orders  (cost=96868.47..419960.57 rows=4570540 width=12) (actual time=1568.620..4383.912 rows=4561668 loops=1)
                                             Recheck Cond: ((o_orderdate >= '1995-01-01'::date) AND (o_orderdate <= '1996-12-31'::date))
                                             Heap Blocks: exact=254534
                                             Buffers: shared hit=51538 read=215481 dirtied=252 written=5
                                             ->  Bitmap Index Scan on orders_o_orderdate_o_orderkey_idx  (cost=0.00..95725.83 rows=4570540 width=0) (actual time=1478.804..1478.804 rows=4579958 loops=1)
                                                   Index Cond: ((o_orderdate >= '1995-01-01'::date) AND (o_orderdate <= '1996-12-31'::date))
                                                   Buffers: shared read=12485
                                       ->  Hash  (cost=58905.53..58905.53 rows=300000 width=4) (actual time=828.822..828.822 rows=299493 loops=1)
                                             Buckets: 524288  Batches: 1  Memory Usage: 14626kB
                                             Buffers: shared hit=4 read=35276
                                             ->  Hash Join  (cost=2.53..58905.53 rows=300000 width=4) (actual time=0.082..741.026 rows=299493 loops=1)
                                                   Hash Cond: (customer.c_nationkey = n1.n_nationkey)
                                                   Buffers: shared hit=4 read=35276
                                                   ->  Seq Scan on customer  (cost=0.00..50278.00 rows=1500000 width=8) (actual time=0.010..478.457 rows=1500000 loops=1)
                                                         Buffers: shared hit=2 read=35276
                                                   ->  Hash  (cost=2.47..2.47 rows=5 width=4) (actual time=0.053..0.053 rows=5 loops=1)
                                                         Buckets: 1024  Batches: 1  Memory Usage: 9kB
                                                         Buffers: shared hit=2
                                                         ->  Hash Join  (cost=1.07..2.47 rows=5 width=4) (actual time=0.033..0.040 rows=5 loops=1)
                                                               Hash Cond: (n1.n_regionkey = region.r_regionkey)
                                                               Buffers: shared hit=2
                                                               ->  Seq Scan on nation n1  (cost=0.00..1.25 rows=25 width=8) (actual time=0.004..0.005 rows=25 loops=1)
                                                                     Buffers: shared hit=1
                                                               ->  Hash  (cost=1.06..1.06 rows=1 width=4) (actual time=0.018..0.018 rows=1 loops=1)
                                                                     Buckets: 1024  Batches: 1  Memory Usage: 9kB
                                                                     Buffers: shared hit=1
                                                                     ->  Seq Scan on region  (cost=0.00..1.06 rows=1 width=4) (actual time=0.013..0.015 rows=1 loops=1)
                                                                           Filter: (r_name = 'AFRICA'::bpchar)
                                                                           Rows Removed by Filter: 4
                                                                           Buffers: shared hit=1
                     ->  Hash  (cost=3179.00..3179.00 rows=100000 width=8) (actual time=53.678..53.678 rows=100000 loops=1)
                           Buckets: 131072  Batches: 1  Memory Usage: 4931kB
                           Buffers: shared hit=2179
                           ->  Seq Scan on supplier  (cost=0.00..3179.00 rows=100000 width=8) (actual time=0.006..28.982 rows=100000 loops=1)
                                 Buffers: shared hit=2179
               ->  Hash  (cost=1.25..1.25 rows=25 width=30) (actual time=0.020..0.020 rows=25 loops=1)
                     Buckets: 1024  Batches: 1  Memory Usage: 10kB
                     Buffers: shared hit=1
                     ->  Seq Scan on nation n2  (cost=0.00..1.25 rows=25 width=30) (actual time=0.004..0.009 rows=25 loops=1)
                           Buffers: shared hit=1
 Planning time: 6.240 ms
 Execution time: 27487.144 ms
(79 rows)

COMMIT;
COMMIT
